{"total": {"lines":{"total":26940,"covered":15273,"skipped":0,"pct":56.69},"statements":{"total":28578,"covered":16047,"skipped":0,"pct":56.15},"functions":{"total":4086,"covered":2349,"skipped":0,"pct":57.48},"branches":{"total":17093,"covered":8535,"skipped":0,"pct":49.93},"branchesTrue":{"total":0,"covered":0,"skipped":0,"pct":100}}
,"C:\\Users\\ljyih\\Desktop\\ultrapower\\src\\index.ts": {"lines":{"total":43,"covered":32,"skipped":0,"pct":74.41},"functions":{"total":5,"covered":1,"skipped":0,"pct":20},"statements":{"total":43,"covered":32,"skipped":0,"pct":74.41},"branches":{"total":24,"covered":11,"skipped":0,"pct":45.83}}
,"C:\\Users\\ljyih\\Desktop\\ultrapower\\src\\agents\\agent-wrapper.ts": {"lines":{"total":20,"covered":14,"skipped":0,"pct":70},"functions":{"total":2,"covered":1,"skipped":0,"pct":50},"statements":{"total":21,"covered":14,"skipped":0,"pct":66.66},"branches":{"total":9,"covered":7,"skipped":0,"pct":77.77}}
,"C:\\Users\\ljyih\\Desktop\\ultrapower\\src\\agents\\analyst.ts": {"lines":{"total":2,"covered":2,"skipped":0,"pct":100},"functions":{"total":0,"covered":0,"skipped":0,"pct":100},"statements":{"total":2,"covered":2,"skipped":0,"pct":100},"branches":{"total":0,"covered":0,"skipped":0,"pct":100}}
,"C:\\Users\\ljyih\\Desktop\\ultrapower\\src\\agents\\architect.ts": {"lines":{"total":2,"covered":2,"skipped":0,"pct":100},"functions":{"total":0,"covered":0,"skipped":0,"pct":100},"statements":{"total":2,"covered":2,"skipped":0,"pct":100},"branches":{"total":0,"covered":0,"skipped":0,"pct":100}}
,"C:\\Users\\ljyih\\Desktop\\ultrapower\\src\\agents\\critic.ts": {"lines":{"total":2,"covered":2,"skipped":0,"pct":100},"functions":{"total":0,"covered":0,"skipped":0,"pct":100},"statements":{"total":2,"covered":2,"skipped":0,"pct":100},"branches":{"total":0,"covered":0,"skipped":0,"pct":100}}
,"C:\\Users\\ljyih\\Desktop\\ultrapower\\src\\agents\\deep-executor.ts": {"lines":{"total":2,"covered":2,"skipped":0,"pct":100},"functions":{"total":0,"covered":0,"skipped":0,"pct":100},"statements":{"total":2,"covered":2,"skipped":0,"pct":100},"branches":{"total":0,"covered":0,"skipped":0,"pct":100}}
,"C:\\Users\\ljyih\\Desktop\\ultrapower\\src\\agents\\definitions.ts": {"lines":{"total":46,"covered":46,"skipped":0,"pct":100},"functions":{"total":1,"covered":1,"skipped":0,"pct":100},"statements":{"total":46,"covered":46,"skipped":0,"pct":100},"branches":{"total":12,"covered":12,"skipped":0,"pct":100}}
,"C:\\Users\\ljyih\\Desktop\\ultrapower\\src\\agents\\delegation-validator.ts": {"lines":{"total":19,"covered":0,"skipped":0,"pct":0},"functions":{"total":6,"covered":0,"skipped":0,"pct":0},"statements":{"total":20,"covered":0,"skipped":0,"pct":0},"branches":{"total":16,"covered":0,"skipped":0,"pct":0}}
,"C:\\Users\\ljyih\\Desktop\\ultrapower\\src\\agents\\designer.ts": {"lines":{"total":2,"covered":2,"skipped":0,"pct":100},"functions":{"total":0,"covered":0,"skipped":0,"pct":100},"statements":{"total":2,"covered":2,"skipped":0,"pct":100},"branches":{"total":0,"covered":0,"skipped":0,"pct":100}}
,"C:\\Users\\ljyih\\Desktop\\ultrapower\\src\\agents\\document-specialist.ts": {"lines":{"total":2,"covered":2,"skipped":0,"pct":100},"functions":{"total":0,"covered":0,"skipped":0,"pct":100},"statements":{"total":2,"covered":2,"skipped":0,"pct":100},"branches":{"total":0,"covered":0,"skipped":0,"pct":100}}
,"C:\\Users\\ljyih\\Desktop\\ultrapower\\src\\agents\\executor.ts": {"lines":{"total":2,"covered":2,"skipped":0,"pct":100},"functions":{"total":0,"covered":0,"skipped":0,"pct":100},"statements":{"total":2,"covered":2,"skipped":0,"pct":100},"branches":{"total":0,"covered":0,"skipped":0,"pct":100}}
,"C:\\Users\\ljyih\\Desktop\\ultrapower\\src\\agents\\explore.ts": {"lines":{"total":2,"covered":2,"skipped":0,"pct":100},"functions":{"total":0,"covered":0,"skipped":0,"pct":100},"statements":{"total":2,"covered":2,"skipped":0,"pct":100},"branches":{"total":0,"covered":0,"skipped":0,"pct":100}}
,"C:\\Users\\ljyih\\Desktop\\ultrapower\\src\\agents\\index.ts": {"lines":{"total":0,"covered":0,"skipped":0,"pct":100},"functions":{"total":0,"covered":0,"skipped":0,"pct":100},"statements":{"total":0,"covered":0,"skipped":0,"pct":100},"branches":{"total":0,"covered":0,"skipped":0,"pct":100}}
,"C:\\Users\\ljyih\\Desktop\\ultrapower\\src\\agents\\planner.ts": {"lines":{"total":2,"covered":2,"skipped":0,"pct":100},"functions":{"total":0,"covered":0,"skipped":0,"pct":100},"statements":{"total":2,"covered":2,"skipped":0,"pct":100},"branches":{"total":0,"covered":0,"skipped":0,"pct":100}}
,"C:\\Users\\ljyih\\Desktop\\ultrapower\\src\\agents\\preamble.ts": {"lines":{"total":13,"covered":0,"skipped":0,"pct":0},"functions":{"total":4,"covered":0,"skipped":0,"pct":0},"statements":{"total":13,"covered":0,"skipped":0,"pct":0},"branches":{"total":12,"covered":0,"skipped":0,"pct":0}}
,"C:\\Users\\ljyih\\Desktop\\ultrapower\\src\\agents\\prompt-generator.ts": {"lines":{"total":31,"covered":0,"skipped":0,"pct":0},"functions":{"total":6,"covered":0,"skipped":0,"pct":0},"statements":{"total":32,"covered":0,"skipped":0,"pct":0},"branches":{"total":18,"covered":0,"skipped":0,"pct":0}}
,"C:\\Users\\ljyih\\Desktop\\ultrapower\\src\\agents\\qa-tester.ts": {"lines":{"total":2,"covered":2,"skipped":0,"pct":100},"functions":{"total":0,"covered":0,"skipped":0,"pct":100},"statements":{"total":2,"covered":2,"skipped":0,"pct":100},"branches":{"total":0,"covered":0,"skipped":0,"pct":100}}
,"C:\\Users\\ljyih\\Desktop\\ultrapower\\src\\agents\\scientist.ts": {"lines":{"total":2,"covered":2,"skipped":0,"pct":100},"functions":{"total":0,"covered":0,"skipped":0,"pct":100},"statements":{"total":2,"covered":2,"skipped":0,"pct":100},"branches":{"total":0,"covered":0,"skipped":0,"pct":100}}
,"C:\\Users\\ljyih\\Desktop\\ultrapower\\src\\agents\\timeout-config.ts": {"lines":{"total":10,"covered":10,"skipped":0,"pct":100},"functions":{"total":1,"covered":1,"skipped":0,"pct":100},"statements":{"total":11,"covered":11,"skipped":0,"pct":100},"branches":{"total":13,"covered":13,"skipped":0,"pct":100}}
,"C:\\Users\\ljyih\\Desktop\\ultrapower\\src\\agents\\timeout-manager.ts": {"lines":{"total":24,"covered":23,"skipped":0,"pct":95.83},"functions":{"total":5,"covered":5,"skipped":0,"pct":100},"statements":{"total":24,"covered":23,"skipped":0,"pct":95.83},"branches":{"total":6,"covered":5,"skipped":0,"pct":83.33}}
,"C:\\Users\\ljyih\\Desktop\\ultrapower\\src\\agents\\utils.ts": {"lines":{"total":125,"covered":51,"skipped":0,"pct":40.8},"functions":{"total":23,"covered":5,"skipped":0,"pct":21.73},"statements":{"total":131,"covered":54,"skipped":0,"pct":41.22},"branches":{"total":89,"covered":29,"skipped":0,"pct":32.58}}
,"C:\\Users\\ljyih\\Desktop\\ultrapower\\src\\agents\\vision.ts": {"lines":{"total":2,"covered":2,"skipped":0,"pct":100},"functions":{"total":0,"covered":0,"skipped":0,"pct":100},"statements":{"total":2,"covered":2,"skipped":0,"pct":100},"branches":{"total":0,"covered":0,"skipped":0,"pct":100}}
,"C:\\Users\\ljyih\\Desktop\\ultrapower\\src\\agents\\writer.ts": {"lines":{"total":2,"covered":2,"skipped":0,"pct":100},"functions":{"total":0,"covered":0,"skipped":0,"pct":100},"statements":{"total":2,"covered":2,"skipped":0,"pct":100},"branches":{"total":0,"covered":0,"skipped":0,"pct":100}}
,"C:\\Users\\ljyih\\Desktop\\ultrapower\\src\\agents\\prompt-sections\\index.ts": {"lines":{"total":79,"covered":0,"skipped":0,"pct":0},"functions":{"total":13,"covered":0,"skipped":0,"pct":0},"statements":{"total":84,"covered":0,"skipped":0,"pct":0},"branches":{"total":40,"covered":0,"skipped":0,"pct":0}}
,"C:\\Users\\ljyih\\Desktop\\ultrapower\\src\\analytics\\analytics-summary.ts": {"lines":{"total":61,"covered":0,"skipped":0,"pct":0},"functions":{"total":10,"covered":0,"skipped":0,"pct":0},"statements":{"total":66,"covered":0,"skipped":0,"pct":0},"branches":{"total":23,"covered":0,"skipped":0,"pct":0}}
,"C:\\Users\\ljyih\\Desktop\\ultrapower\\src\\analytics\\backfill-dedup.ts": {"lines":{"total":38,"covered":0,"skipped":0,"pct":0},"functions":{"total":8,"covered":0,"skipped":0,"pct":0},"statements":{"total":39,"covered":0,"skipped":0,"pct":0},"branches":{"total":4,"covered":0,"skipped":0,"pct":0}}
,"C:\\Users\\ljyih\\Desktop\\ultrapower\\src\\analytics\\backfill-engine.ts": {"lines":{"total":57,"covered":0,"skipped":0,"pct":0},"functions":{"total":6,"covered":0,"skipped":0,"pct":0},"statements":{"total":57,"covered":0,"skipped":0,"pct":0},"branches":{"total":27,"covered":0,"skipped":0,"pct":0}}
,"C:\\Users\\ljyih\\Desktop\\ultrapower\\src\\analytics\\cost-estimator.ts": {"lines":{"total":48,"covered":14,"skipped":0,"pct":29.16},"functions":{"total":11,"covered":3,"skipped":0,"pct":27.27},"statements":{"total":55,"covered":17,"skipped":0,"pct":30.9},"branches":{"total":16,"covered":6,"skipped":0,"pct":37.5}}
,"C:\\Users\\ljyih\\Desktop\\ultrapower\\src\\analytics\\export.ts": {"lines":{"total":40,"covered":0,"skipped":0,"pct":0},"functions":{"total":7,"covered":0,"skipped":0,"pct":0},"statements":{"total":40,"covered":0,"skipped":0,"pct":0},"branches":{"total":17,"covered":0,"skipped":0,"pct":0}}
,"C:\\Users\\ljyih\\Desktop\\ultrapower\\src\\analytics\\index.ts": {"lines":{"total":0,"covered":0,"skipped":0,"pct":100},"functions":{"total":0,"covered":0,"skipped":0,"pct":100},"statements":{"total":0,"covered":0,"skipped":0,"pct":100},"branches":{"total":0,"covered":0,"skipped":0,"pct":100}}
,"C:\\Users\\ljyih\\Desktop\\ultrapower\\src\\analytics\\metrics-collector.ts": {"lines":{"total":76,"covered":0,"skipped":0,"pct":0},"functions":{"total":27,"covered":0,"skipped":0,"pct":0},"statements":{"total":89,"covered":0,"skipped":0,"pct":0},"branches":{"total":37,"covered":0,"skipped":0,"pct":0}}
,"C:\\Users\\ljyih\\Desktop\\ultrapower\\src\\analytics\\output-estimator.ts": {"lines":{"total":16,"covered":16,"skipped":0,"pct":100},"functions":{"total":3,"covered":3,"skipped":0,"pct":100},"statements":{"total":17,"covered":17,"skipped":0,"pct":100},"branches":{"total":8,"covered":8,"skipped":0,"pct":100}}
,"C:\\Users\\ljyih\\Desktop\\ultrapower\\src\\analytics\\query-engine.ts": {"lines":{"total":96,"covered":0,"skipped":0,"pct":0},"functions":{"total":15,"covered":0,"skipped":0,"pct":0},"statements":{"total":99,"covered":0,"skipped":0,"pct":0},"branches":{"total":41,"covered":0,"skipped":0,"pct":0}}
,"C:\\Users\\ljyih\\Desktop\\ultrapower\\src\\analytics\\session-catalog.ts": {"lines":{"total":64,"covered":60,"skipped":0,"pct":93.75},"functions":{"total":11,"covered":10,"skipped":0,"pct":90.9},"statements":{"total":73,"covered":68,"skipped":0,"pct":93.15},"branches":{"total":38,"covered":34,"skipped":0,"pct":89.47}}
,"C:\\Users\\ljyih\\Desktop\\ultrapower\\src\\analytics\\session-manager.ts": {"lines":{"total":172,"covered":52,"skipped":0,"pct":30.23},"functions":{"total":34,"covered":5,"skipped":0,"pct":14.7},"statements":{"total":182,"covered":54,"skipped":0,"pct":29.67},"branches":{"total":106,"covered":34,"skipped":0,"pct":32.07}}
,"C:\\Users\\ljyih\\Desktop\\ultrapower\\src\\analytics\\session-types.ts": {"lines":{"total":0,"covered":0,"skipped":0,"pct":100},"functions":{"total":0,"covered":0,"skipped":0,"pct":100},"statements":{"total":0,"covered":0,"skipped":0,"pct":100},"branches":{"total":0,"covered":0,"skipped":0,"pct":100}}
,"C:\\Users\\ljyih\\Desktop\\ultrapower\\src\\analytics\\token-extractor.ts": {"lines":{"total":11,"covered":11,"skipped":0,"pct":100},"functions":{"total":3,"covered":3,"skipped":0,"pct":100},"statements":{"total":11,"covered":11,"skipped":0,"pct":100},"branches":{"total":14,"covered":14,"skipped":0,"pct":100}}
,"C:\\Users\\ljyih\\Desktop\\ultrapower\\src\\analytics\\token-tracker.ts": {"lines":{"total":201,"covered":64,"skipped":0,"pct":31.84},"functions":{"total":31,"covered":15,"skipped":0,"pct":48.38},"statements":{"total":204,"covered":65,"skipped":0,"pct":31.86},"branches":{"total":89,"covered":17,"skipped":0,"pct":19.1}}
,"C:\\Users\\ljyih\\Desktop\\ultrapower\\src\\analytics\\tokscale-adapter.ts": {"lines":{"total":75,"covered":45,"skipped":0,"pct":60},"functions":{"total":10,"covered":7,"skipped":0,"pct":70},"statements":{"total":79,"covered":46,"skipped":0,"pct":58.22},"branches":{"total":90,"covered":33,"skipped":0,"pct":36.66}}
,"C:\\Users\\ljyih\\Desktop\\ultrapower\\src\\analytics\\transcript-parser.ts": {"lines":{"total":31,"covered":31,"skipped":0,"pct":100},"functions":{"total":3,"covered":3,"skipped":0,"pct":100},"statements":{"total":31,"covered":31,"skipped":0,"pct":100},"branches":{"total":16,"covered":15,"skipped":0,"pct":93.75}}
,"C:\\Users\\ljyih\\Desktop\\ultrapower\\src\\analytics\\transcript-scanner.ts": {"lines":{"total":121,"covered":110,"skipped":0,"pct":90.9},"functions":{"total":11,"covered":10,"skipped":0,"pct":90.9},"statements":{"total":124,"covered":113,"skipped":0,"pct":91.12},"branches":{"total":73,"covered":60,"skipped":0,"pct":82.19}}
,"C:\\Users\\ljyih\\Desktop\\ultrapower\\src\\analytics\\transcript-token-extractor.ts": {"lines":{"total":47,"covered":26,"skipped":0,"pct":55.31},"functions":{"total":5,"covered":4,"skipped":0,"pct":80},"statements":{"total":47,"covered":26,"skipped":0,"pct":55.31},"branches":{"total":48,"covered":20,"skipped":0,"pct":41.66}}
,"C:\\Users\\ljyih\\Desktop\\ultrapower\\src\\audit\\logger.ts": {"lines":{"total":42,"covered":19,"skipped":0,"pct":45.23},"functions":{"total":8,"covered":7,"skipped":0,"pct":87.5},"statements":{"total":45,"covered":19,"skipped":0,"pct":42.22},"branches":{"total":14,"covered":5,"skipped":0,"pct":35.71}}
,"C:\\Users\\ljyih\\Desktop\\ultrapower\\src\\audit\\verify-cli.ts": {"lines":{"total":6,"covered":0,"skipped":0,"pct":0},"functions":{"total":1,"covered":0,"skipped":0,"pct":0},"statements":{"total":6,"covered":0,"skipped":0,"pct":0},"branches":{"total":2,"covered":0,"skipped":0,"pct":0}}
,"C:\\Users\\ljyih\\Desktop\\ultrapower\\src\\cli\\analytics.ts": {"lines":{"total":34,"covered":0,"skipped":0,"pct":0},"functions":{"total":6,"covered":0,"skipped":0,"pct":0},"statements":{"total":34,"covered":0,"skipped":0,"pct":0},"branches":{"total":15,"covered":0,"skipped":0,"pct":0}}
,"C:\\Users\\ljyih\\Desktop\\ultrapower\\src\\cli\\index.ts": {"lines":{"total":613,"covered":0,"skipped":0,"pct":0},"functions":{"total":49,"covered":0,"skipped":0,"pct":0},"statements":{"total":623,"covered":0,"skipped":0,"pct":0},"branches":{"total":386,"covered":0,"skipped":0,"pct":0}}
,"C:\\Users\\ljyih\\Desktop\\ultrapower\\src\\cli\\interop.ts": {"lines":{"total":53,"covered":0,"skipped":0,"pct":0},"functions":{"total":3,"covered":0,"skipped":0,"pct":0},"statements":{"total":53,"covered":0,"skipped":0,"pct":0},"branches":{"total":20,"covered":0,"skipped":0,"pct":0}}
,"C:\\Users\\ljyih\\Desktop\\ultrapower\\src\\cli\\launch.ts": {"lines":{"total":82,"covered":0,"skipped":0,"pct":0},"functions":{"total":8,"covered":0,"skipped":0,"pct":0},"statements":{"total":82,"covered":0,"skipped":0,"pct":0},"branches":{"total":35,"covered":0,"skipped":0,"pct":0}}
,"C:\\Users\\ljyih\\Desktop\\ultrapower\\src\\cli\\tmux-utils.ts": {"lines":{"total":47,"covered":0,"skipped":0,"pct":0},"functions":{"total":19,"covered":0,"skipped":0,"pct":0},"statements":{"total":48,"covered":0,"skipped":0,"pct":0},"branches":{"total":23,"covered":0,"skipped":0,"pct":0}}
,"C:\\Users\\ljyih\\Desktop\\ultrapower\\src\\cli\\commands\\agents.ts": {"lines":{"total":16,"covered":0,"skipped":0,"pct":0},"functions":{"total":3,"covered":0,"skipped":0,"pct":0},"statements":{"total":17,"covered":0,"skipped":0,"pct":0},"branches":{"total":6,"covered":0,"skipped":0,"pct":0}}
,"C:\\Users\\ljyih\\Desktop\\ultrapower\\src\\cli\\commands\\backfill.ts": {"lines":{"total":64,"covered":0,"skipped":0,"pct":0},"functions":{"total":6,"covered":0,"skipped":0,"pct":0},"statements":{"total":67,"covered":0,"skipped":0,"pct":0},"branches":{"total":55,"covered":0,"skipped":0,"pct":0}}
,"C:\\Users\\ljyih\\Desktop\\ultrapower\\src\\cli\\commands\\cleanup.ts": {"lines":{"total":11,"covered":11,"skipped":0,"pct":100},"functions":{"total":1,"covered":1,"skipped":0,"pct":100},"statements":{"total":11,"covered":11,"skipped":0,"pct":100},"branches":{"total":2,"covered":1,"skipped":0,"pct":50}}
,"C:\\Users\\ljyih\\Desktop\\ultrapower\\src\\cli\\commands\\cost.ts": {"lines":{"total":35,"covered":0,"skipped":0,"pct":0},"functions":{"total":10,"covered":0,"skipped":0,"pct":0},"statements":{"total":35,"covered":0,"skipped":0,"pct":0},"branches":{"total":11,"covered":0,"skipped":0,"pct":0}}
,"C:\\Users\\ljyih\\Desktop\\ultrapower\\src\\cli\\commands\\doctor-conflicts.ts": {"lines":{"total":129,"covered":47,"skipped":0,"pct":36.43},"functions":{"total":9,"covered":6,"skipped":0,"pct":66.66},"statements":{"total":131,"covered":47,"skipped":0,"pct":35.87},"branches":{"total":64,"covered":24,"skipped":0,"pct":37.5}}
,"C:\\Users\\ljyih\\Desktop\\ultrapower\\src\\cli\\commands\\export.ts": {"lines":{"total":17,"covered":0,"skipped":0,"pct":0},"functions":{"total":1,"covered":0,"skipped":0,"pct":0},"statements":{"total":17,"covered":0,"skipped":0,"pct":0},"branches":{"total":8,"covered":0,"skipped":0,"pct":0}}
,"C:\\Users\\ljyih\\Desktop\\ultrapower\\src\\cli\\commands\\perf.ts": {"lines":{"total":12,"covered":0,"skipped":0,"pct":0},"functions":{"total":1,"covered":0,"skipped":0,"pct":0},"statements":{"total":12,"covered":0,"skipped":0,"pct":0},"branches":{"total":6,"covered":0,"skipped":0,"pct":0}}
,"C:\\Users\\ljyih\\Desktop\\ultrapower\\src\\cli\\commands\\plugin.ts": {"lines":{"total":43,"covered":0,"skipped":0,"pct":0},"functions":{"total":7,"covered":0,"skipped":0,"pct":0},"statements":{"total":44,"covered":0,"skipped":0,"pct":0},"branches":{"total":10,"covered":0,"skipped":0,"pct":0}}
,"C:\\Users\\ljyih\\Desktop\\ultrapower\\src\\cli\\commands\\sessions.ts": {"lines":{"total":43,"covered":0,"skipped":0,"pct":0},"functions":{"total":6,"covered":0,"skipped":0,"pct":0},"statements":{"total":47,"covered":0,"skipped":0,"pct":0},"branches":{"total":18,"covered":0,"skipped":0,"pct":0}}
,"C:\\Users\\ljyih\\Desktop\\ultrapower\\src\\cli\\commands\\stats.ts": {"lines":{"total":54,"covered":0,"skipped":0,"pct":0},"functions":{"total":2,"covered":0,"skipped":0,"pct":0},"statements":{"total":55,"covered":0,"skipped":0,"pct":0},"branches":{"total":16,"covered":0,"skipped":0,"pct":0}}
,"C:\\Users\\ljyih\\Desktop\\ultrapower\\src\\cli\\commands\\teleport.ts": {"lines":{"total":231,"covered":0,"skipped":0,"pct":0},"functions":{"total":10,"covered":0,"skipped":0,"pct":0},"statements":{"total":233,"covered":0,"skipped":0,"pct":0},"branches":{"total":147,"covered":0,"skipped":0,"pct":0}}
,"C:\\Users\\ljyih\\Desktop\\ultrapower\\src\\cli\\commands\\wait.ts": {"lines":{"total":114,"covered":0,"skipped":0,"pct":0},"functions":{"total":4,"covered":0,"skipped":0,"pct":0},"statements":{"total":114,"covered":0,"skipped":0,"pct":0},"branches":{"total":70,"covered":0,"skipped":0,"pct":0}}
,"C:\\Users\\ljyih\\Desktop\\ultrapower\\src\\cli\\utils\\formatting.ts": {"lines":{"total":43,"covered":3,"skipped":0,"pct":6.97},"functions":{"total":17,"covered":2,"skipped":0,"pct":11.76},"statements":{"total":51,"covered":3,"skipped":0,"pct":5.88},"branches":{"total":24,"covered":0,"skipped":0,"pct":0}}
,"C:\\Users\\ljyih\\Desktop\\ultrapower\\src\\cli\\utils\\tokscale-launcher.ts": {"lines":{"total":20,"covered":0,"skipped":0,"pct":0},"functions":{"total":10,"covered":0,"skipped":0,"pct":0},"statements":{"total":22,"covered":0,"skipped":0,"pct":0},"branches":{"total":9,"covered":0,"skipped":0,"pct":0}}
,"C:\\Users\\ljyih\\Desktop\\ultrapower\\src\\commands\\index.ts": {"lines":{"total":45,"covered":0,"skipped":0,"pct":0},"functions":{"total":13,"covered":0,"skipped":0,"pct":0},"statements":{"total":47,"covered":0,"skipped":0,"pct":0},"branches":{"total":16,"covered":0,"skipped":0,"pct":0}}
,"C:\\Users\\ljyih\\Desktop\\ultrapower\\src\\compatibility\\discovery.ts": {"lines":{"total":234,"covered":171,"skipped":0,"pct":73.07},"functions":{"total":22,"covered":15,"skipped":0,"pct":68.18},"statements":{"total":245,"covered":175,"skipped":0,"pct":71.42},"branches":{"total":164,"covered":105,"skipped":0,"pct":64.02}}
,"C:\\Users\\ljyih\\Desktop\\ultrapower\\src\\compatibility\\index.ts": {"lines":{"total":10,"covered":0,"skipped":0,"pct":0},"functions":{"total":1,"covered":0,"skipped":0,"pct":0},"statements":{"total":10,"covered":0,"skipped":0,"pct":0},"branches":{"total":4,"covered":0,"skipped":0,"pct":0}}
,"C:\\Users\\ljyih\\Desktop\\ultrapower\\src\\compatibility\\mcp-bridge.ts": {"lines":{"total":172,"covered":67,"skipped":0,"pct":38.95},"functions":{"total":36,"covered":13,"skipped":0,"pct":36.11},"statements":{"total":180,"covered":68,"skipped":0,"pct":37.77},"branches":{"total":86,"covered":19,"skipped":0,"pct":22.09}}
,"C:\\Users\\ljyih\\Desktop\\ultrapower\\src\\compatibility\\permission-adapter.ts": {"lines":{"total":90,"covered":50,"skipped":0,"pct":55.55},"functions":{"total":17,"covered":10,"skipped":0,"pct":58.82},"statements":{"total":94,"covered":50,"skipped":0,"pct":53.19},"branches":{"total":54,"covered":26,"skipped":0,"pct":48.14}}
,"C:\\Users\\ljyih\\Desktop\\ultrapower\\src\\compatibility\\registry.ts": {"lines":{"total":121,"covered":59,"skipped":0,"pct":48.76},"functions":{"total":40,"covered":17,"skipped":0,"pct":42.5},"statements":{"total":124,"covered":61,"skipped":0,"pct":49.19},"branches":{"total":46,"covered":23,"skipped":0,"pct":50}}
,"C:\\Users\\ljyih\\Desktop\\ultrapower\\src\\compatibility\\safe-regex.d.ts": {"lines":{"total":0,"covered":0,"skipped":0,"pct":100},"functions":{"total":0,"covered":0,"skipped":0,"pct":100},"statements":{"total":0,"covered":0,"skipped":0,"pct":100},"branches":{"total":0,"covered":0,"skipped":0,"pct":100}}
,"C:\\Users\\ljyih\\Desktop\\ultrapower\\src\\config\\axiom-config.ts": {"lines":{"total":7,"covered":1,"skipped":0,"pct":14.28},"functions":{"total":2,"covered":0,"skipped":0,"pct":0},"statements":{"total":8,"covered":1,"skipped":0,"pct":12.5},"branches":{"total":7,"covered":0,"skipped":0,"pct":0}}
,"C:\\Users\\ljyih\\Desktop\\ultrapower\\src\\config\\index.ts": {"lines":{"total":0,"covered":0,"skipped":0,"pct":100},"functions":{"total":0,"covered":0,"skipped":0,"pct":100},"statements":{"total":0,"covered":0,"skipped":0,"pct":100},"branches":{"total":0,"covered":0,"skipped":0,"pct":100}}
,"C:\\Users\\ljyih\\Desktop\\ultrapower\\src\\config\\loader.ts": {"lines":{"total":117,"covered":65,"skipped":0,"pct":55.55},"functions":{"total":9,"covered":7,"skipped":0,"pct":77.77},"statements":{"total":118,"covered":66,"skipped":0,"pct":55.93},"branches":{"total":96,"covered":37,"skipped":0,"pct":38.54}}
,"C:\\Users\\ljyih\\Desktop\\ultrapower\\src\\constants\\index.ts": {"lines":{"total":0,"covered":0,"skipped":0,"pct":100},"functions":{"total":0,"covered":0,"skipped":0,"pct":100},"statements":{"total":0,"covered":0,"skipped":0,"pct":100},"branches":{"total":0,"covered":0,"skipped":0,"pct":100}}
,"C:\\Users\\ljyih\\Desktop\\ultrapower\\src\\constants\\names.ts": {"lines":{"total":3,"covered":3,"skipped":0,"pct":100},"functions":{"total":0,"covered":0,"skipped":0,"pct":100},"statements":{"total":3,"covered":3,"skipped":0,"pct":100},"branches":{"total":0,"covered":0,"skipped":0,"pct":100}}
,"C:\\Users\\ljyih\\Desktop\\ultrapower\\src\\core\\hud-config.ts": {"lines":{"total":0,"covered":0,"skipped":0,"pct":100},"functions":{"total":0,"covered":0,"skipped":0,"pct":100},"statements":{"total":0,"covered":0,"skipped":0,"pct":100},"branches":{"total":0,"covered":0,"skipped":0,"pct":100}}
,"C:\\Users\\ljyih\\Desktop\\ultrapower\\src\\core\\job-types.ts": {"lines":{"total":0,"covered":0,"skipped":0,"pct":100},"functions":{"total":0,"covered":0,"skipped":0,"pct":100},"statements":{"total":0,"covered":0,"skipped":0,"pct":100},"branches":{"total":0,"covered":0,"skipped":0,"pct":100}}
,"C:\\Users\\ljyih\\Desktop\\ultrapower\\src\\features\\auto-update.ts": {"lines":{"total":283,"covered":194,"skipped":0,"pct":68.55},"functions":{"total":33,"covered":22,"skipped":0,"pct":66.66},"statements":{"total":291,"covered":199,"skipped":0,"pct":68.38},"branches":{"total":197,"covered":105,"skipped":0,"pct":53.29}}
,"C:\\Users\\ljyih\\Desktop\\ultrapower\\src\\features\\background-tasks.ts": {"lines":{"total":37,"covered":6,"skipped":0,"pct":16.21},"functions":{"total":18,"covered":2,"skipped":0,"pct":11.11},"statements":{"total":42,"covered":6,"skipped":0,"pct":14.28},"branches":{"total":30,"covered":2,"skipped":0,"pct":6.66}}
,"C:\\Users\\ljyih\\Desktop\\ultrapower\\src\\features\\continuation-enforcement.ts": {"lines":{"total":18,"covered":2,"skipped":0,"pct":11.11},"functions":{"total":7,"covered":0,"skipped":0,"pct":0},"statements":{"total":20,"covered":2,"skipped":0,"pct":10},"branches":{"total":6,"covered":0,"skipped":0,"pct":0}}
,"C:\\Users\\ljyih\\Desktop\\ultrapower\\src\\features\\delegation-enforcer.ts": {"lines":{"total":57,"covered":46,"skipped":0,"pct":80.7},"functions":{"total":6,"covered":6,"skipped":0,"pct":100},"statements":{"total":60,"covered":48,"skipped":0,"pct":80},"branches":{"total":43,"covered":32,"skipped":0,"pct":74.41}}
,"C:\\Users\\ljyih\\Desktop\\ultrapower\\src\\features\\index.ts": {"lines":{"total":0,"covered":0,"skipped":0,"pct":100},"functions":{"total":0,"covered":0,"skipped":0,"pct":100},"statements":{"total":0,"covered":0,"skipped":0,"pct":100},"branches":{"total":0,"covered":0,"skipped":0,"pct":100}}
,"C:\\Users\\ljyih\\Desktop\\ultrapower\\src\\features\\magic-keywords.ts": {"lines":{"total":91,"covered":27,"skipped":0,"pct":29.67},"functions":{"total":23,"covered":5,"skipped":0,"pct":21.73},"statements":{"total":104,"covered":31,"skipped":0,"pct":29.8},"branches":{"total":55,"covered":9,"skipped":0,"pct":16.36}}
,"C:\\Users\\ljyih\\Desktop\\ultrapower\\src\\features\\background-agent\\concurrency.ts": {"lines":{"total":43,"covered":0,"skipped":0,"pct":0},"functions":{"total":10,"covered":0,"skipped":0,"pct":0},"statements":{"total":44,"covered":0,"skipped":0,"pct":0},"branches":{"total":38,"covered":0,"skipped":0,"pct":0}}
,"C:\\Users\\ljyih\\Desktop\\ultrapower\\src\\features\\background-agent\\index.ts": {"lines":{"total":0,"covered":0,"skipped":0,"pct":100},"functions":{"total":0,"covered":0,"skipped":0,"pct":100},"statements":{"total":0,"covered":0,"skipped":0,"pct":100},"branches":{"total":0,"covered":0,"skipped":0,"pct":100}}
,"C:\\Users\\ljyih\\Desktop\\ultrapower\\src\\features\\background-agent\\manager.ts": {"lines":{"total":204,"covered":2,"skipped":0,"pct":0.98},"functions":{"total":38,"covered":0,"skipped":0,"pct":0},"statements":{"total":215,"covered":2,"skipped":0,"pct":0.93},"branches":{"total":114,"covered":0,"skipped":0,"pct":0}}
,"C:\\Users\\ljyih\\Desktop\\ultrapower\\src\\features\\boulder-state\\constants.ts": {"lines":{"total":7,"covered":7,"skipped":0,"pct":100},"functions":{"total":0,"covered":0,"skipped":0,"pct":100},"statements":{"total":7,"covered":7,"skipped":0,"pct":100},"branches":{"total":0,"covered":0,"skipped":0,"pct":100}}
,"C:\\Users\\ljyih\\Desktop\\ultrapower\\src\\features\\boulder-state\\index.ts": {"lines":{"total":0,"covered":0,"skipped":0,"pct":100},"functions":{"total":0,"covered":0,"skipped":0,"pct":100},"statements":{"total":0,"covered":0,"skipped":0,"pct":100},"branches":{"total":0,"covered":0,"skipped":0,"pct":100}}
,"C:\\Users\\ljyih\\Desktop\\ultrapower\\src\\features\\boulder-state\\storage.ts": {"lines":{"total":68,"covered":0,"skipped":0,"pct":0},"functions":{"total":16,"covered":0,"skipped":0,"pct":0},"statements":{"total":69,"covered":0,"skipped":0,"pct":0},"branches":{"total":24,"covered":0,"skipped":0,"pct":0}}
,"C:\\Users\\ljyih\\Desktop\\ultrapower\\src\\features\\builtin-skills\\index.ts": {"lines":{"total":0,"covered":0,"skipped":0,"pct":100},"functions":{"total":0,"covered":0,"skipped":0,"pct":100},"statements":{"total":0,"covered":0,"skipped":0,"pct":100},"branches":{"total":0,"covered":0,"skipped":0,"pct":100}}
,"C:\\Users\\ljyih\\Desktop\\ultrapower\\src\\features\\builtin-skills\\skills.ts": {"lines":{"total":50,"covered":45,"skipped":0,"pct":90},"functions":{"total":10,"covered":9,"skipped":0,"pct":90},"statements":{"total":54,"covered":49,"skipped":0,"pct":90.74},"branches":{"total":26,"covered":19,"skipped":0,"pct":73.07}}
,"C:\\Users\\ljyih\\Desktop\\ultrapower\\src\\features\\context-injector\\collector.ts": {"lines":{"total":33,"covered":10,"skipped":0,"pct":30.3},"functions":{"total":11,"covered":1,"skipped":0,"pct":9.09},"statements":{"total":36,"covered":10,"skipped":0,"pct":27.77},"branches":{"total":16,"covered":3,"skipped":0,"pct":18.75}}
,"C:\\Users\\ljyih\\Desktop\\ultrapower\\src\\features\\context-injector\\index.ts": {"lines":{"total":0,"covered":0,"skipped":0,"pct":100},"functions":{"total":0,"covered":0,"skipped":0,"pct":100},"statements":{"total":0,"covered":0,"skipped":0,"pct":100},"branches":{"total":0,"covered":0,"skipped":0,"pct":100}}
,"C:\\Users\\ljyih\\Desktop\\ultrapower\\src\\features\\context-injector\\injector.ts": {"lines":{"total":33,"covered":1,"skipped":0,"pct":3.03},"functions":{"total":5,"covered":0,"skipped":0,"pct":0},"statements":{"total":33,"covered":1,"skipped":0,"pct":3.03},"branches":{"total":20,"covered":0,"skipped":0,"pct":0}}
,"C:\\Users\\ljyih\\Desktop\\ultrapower\\src\\features\\delegation-categories\\index.ts": {"lines":{"total":45,"covered":3,"skipped":0,"pct":6.66},"functions":{"total":12,"covered":0,"skipped":0,"pct":0},"statements":{"total":46,"covered":3,"skipped":0,"pct":6.52},"branches":{"total":24,"covered":0,"skipped":0,"pct":0}}
,"C:\\Users\\ljyih\\Desktop\\ultrapower\\src\\features\\delegation-categories\\test-categories.ts": {"lines":{"total":52,"covered":0,"skipped":0,"pct":0},"functions":{"total":0,"covered":0,"skipped":0,"pct":100},"statements":{"total":52,"covered":0,"skipped":0,"pct":0},"branches":{"total":2,"covered":0,"skipped":0,"pct":0}}
,"C:\\Users\\ljyih\\Desktop\\ultrapower\\src\\features\\delegation-routing\\index.ts": {"lines":{"total":0,"covered":0,"skipped":0,"pct":100},"functions":{"total":0,"covered":0,"skipped":0,"pct":100},"statements":{"total":0,"covered":0,"skipped":0,"pct":100},"branches":{"total":0,"covered":0,"skipped":0,"pct":100}}
,"C:\\Users\\ljyih\\Desktop\\ultrapower\\src\\features\\delegation-routing\\resolver.ts": {"lines":{"total":46,"covered":46,"skipped":0,"pct":100},"functions":{"total":7,"covered":7,"skipped":0,"pct":100},"statements":{"total":46,"covered":46,"skipped":0,"pct":100},"branches":{"total":37,"covered":36,"skipped":0,"pct":97.29}}
,"C:\\Users\\ljyih\\Desktop\\ultrapower\\src\\features\\diagnostics\\error-matcher.ts": {"lines":{"total":3,"covered":3,"skipped":0,"pct":100},"functions":{"total":4,"covered":4,"skipped":0,"pct":100},"statements":{"total":5,"covered":5,"skipped":0,"pct":100},"branches":{"total":2,"covered":2,"skipped":0,"pct":100}}
,"C:\\Users\\ljyih\\Desktop\\ultrapower\\src\\features\\diagnostics\\index.ts": {"lines":{"total":0,"covered":0,"skipped":0,"pct":100},"functions":{"total":0,"covered":0,"skipped":0,"pct":100},"statements":{"total":0,"covered":0,"skipped":0,"pct":100},"branches":{"total":0,"covered":0,"skipped":0,"pct":100}}
,"C:\\Users\\ljyih\\Desktop\\ultrapower\\src\\features\\diagnostics\\solution-suggester.ts": {"lines":{"total":6,"covered":6,"skipped":0,"pct":100},"functions":{"total":2,"covered":2,"skipped":0,"pct":100},"statements":{"total":7,"covered":7,"skipped":0,"pct":100},"branches":{"total":4,"covered":3,"skipped":0,"pct":75}}
,"C:\\Users\\ljyih\\Desktop\\ultrapower\\src\\features\\error-log\\index.ts": {"lines":{"total":28,"covered":0,"skipped":0,"pct":0},"functions":{"total":7,"covered":0,"skipped":0,"pct":0},"statements":{"total":28,"covered":0,"skipped":0,"pct":0},"branches":{"total":9,"covered":0,"skipped":0,"pct":0}}
,"C:\\Users\\ljyih\\Desktop\\ultrapower\\src\\features\\model-routing\\external-model-policy.ts": {"lines":{"total":41,"covered":41,"skipped":0,"pct":100},"functions":{"total":4,"covered":4,"skipped":0,"pct":100},"statements":{"total":41,"covered":41,"skipped":0,"pct":100},"branches":{"total":50,"covered":50,"skipped":0,"pct":100}}
,"C:\\Users\\ljyih\\Desktop\\ultrapower\\src\\features\\model-routing\\index.ts": {"lines":{"total":5,"covered":0,"skipped":0,"pct":0},"functions":{"total":1,"covered":0,"skipped":0,"pct":0},"statements":{"total":5,"covered":0,"skipped":0,"pct":0},"branches":{"total":0,"covered":0,"skipped":0,"pct":100}}
,"C:\\Users\\ljyih\\Desktop\\ultrapower\\src\\features\\model-routing\\router.ts": {"lines":{"total":52,"covered":42,"skipped":0,"pct":80.76},"functions":{"total":13,"covered":9,"skipped":0,"pct":69.23},"statements":{"total":52,"covered":42,"skipped":0,"pct":80.76},"branches":{"total":48,"covered":31,"skipped":0,"pct":64.58}}
,"C:\\Users\\ljyih\\Desktop\\ultrapower\\src\\features\\model-routing\\rules.ts": {"lines":{"total":31,"covered":30,"skipped":0,"pct":96.77},"functions":{"total":27,"covered":27,"skipped":0,"pct":100},"statements":{"total":34,"covered":33,"skipped":0,"pct":97.05},"branches":{"total":52,"covered":39,"skipped":0,"pct":75}}
,"C:\\Users\\ljyih\\Desktop\\ultrapower\\src\\features\\model-routing\\scorer.ts": {"lines":{"total":87,"covered":85,"skipped":0,"pct":97.7},"functions":{"total":8,"covered":8,"skipped":0,"pct":100},"statements":{"total":89,"covered":87,"skipped":0,"pct":97.75},"branches":{"total":47,"covered":46,"skipped":0,"pct":97.87}}
,"C:\\Users\\ljyih\\Desktop\\ultrapower\\src\\features\\model-routing\\signals.ts": {"lines":{"total":61,"covered":61,"skipped":0,"pct":100},"functions":{"total":27,"covered":27,"skipped":0,"pct":100},"statements":{"total":79,"covered":79,"skipped":0,"pct":100},"branches":{"total":46,"covered":46,"skipped":0,"pct":100}}
,"C:\\Users\\ljyih\\Desktop\\ultrapower\\src\\features\\model-routing\\prompts\\haiku.ts": {"lines":{"total":21,"covered":7,"skipped":0,"pct":33.33},"functions":{"total":6,"covered":0,"skipped":0,"pct":0},"statements":{"total":21,"covered":7,"skipped":0,"pct":33.33},"branches":{"total":2,"covered":0,"skipped":0,"pct":0}}
,"C:\\Users\\ljyih\\Desktop\\ultrapower\\src\\features\\model-routing\\prompts\\index.ts": {"lines":{"total":33,"covered":1,"skipped":0,"pct":3.03},"functions":{"total":10,"covered":0,"skipped":0,"pct":0},"statements":{"total":37,"covered":1,"skipped":0,"pct":2.7},"branches":{"total":25,"covered":0,"skipped":0,"pct":0}}
,"C:\\Users\\ljyih\\Desktop\\ultrapower\\src\\features\\model-routing\\prompts\\opus.ts": {"lines":{"total":6,"covered":5,"skipped":0,"pct":83.33},"functions":{"total":1,"covered":0,"skipped":0,"pct":0},"statements":{"total":6,"covered":5,"skipped":0,"pct":83.33},"branches":{"total":0,"covered":0,"skipped":0,"pct":100}}
,"C:\\Users\\ljyih\\Desktop\\ultrapower\\src\\features\\model-routing\\prompts\\sonnet.ts": {"lines":{"total":7,"covered":6,"skipped":0,"pct":85.71},"functions":{"total":1,"covered":0,"skipped":0,"pct":0},"statements":{"total":7,"covered":6,"skipped":0,"pct":85.71},"branches":{"total":0,"covered":0,"skipped":0,"pct":100}}
,"C:\\Users\\ljyih\\Desktop\\ultrapower\\src\\features\\notepad-wisdom\\extractor.ts": {"lines":{"total":22,"covered":0,"skipped":0,"pct":0},"functions":{"total":6,"covered":0,"skipped":0,"pct":0},"statements":{"total":22,"covered":0,"skipped":0,"pct":0},"branches":{"total":6,"covered":0,"skipped":0,"pct":0}}
,"C:\\Users\\ljyih\\Desktop\\ultrapower\\src\\features\\notepad-wisdom\\index.ts": {"lines":{"total":57,"covered":1,"skipped":0,"pct":1.75},"functions":{"total":16,"covered":0,"skipped":0,"pct":0},"statements":{"total":61,"covered":1,"skipped":0,"pct":1.63},"branches":{"total":23,"covered":0,"skipped":0,"pct":0}}
,"C:\\Users\\ljyih\\Desktop\\ultrapower\\src\\features\\rate-limit-wait\\daemon.ts": {"lines":{"total":233,"covered":74,"skipped":0,"pct":31.75},"functions":{"total":27,"covered":8,"skipped":0,"pct":29.62},"statements":{"total":241,"covered":76,"skipped":0,"pct":31.53},"branches":{"total":119,"covered":41,"skipped":0,"pct":34.45}}
,"C:\\Users\\ljyih\\Desktop\\ultrapower\\src\\features\\rate-limit-wait\\index.ts": {"lines":{"total":0,"covered":0,"skipped":0,"pct":100},"functions":{"total":0,"covered":0,"skipped":0,"pct":100},"statements":{"total":0,"covered":0,"skipped":0,"pct":100},"branches":{"total":0,"covered":0,"skipped":0,"pct":100}}
,"C:\\Users\\ljyih\\Desktop\\ultrapower\\src\\features\\rate-limit-wait\\rate-limit-monitor.ts": {"lines":{"total":51,"covered":49,"skipped":0,"pct":96.07},"functions":{"total":4,"covered":4,"skipped":0,"pct":100},"statements":{"total":52,"covered":50,"skipped":0,"pct":96.15},"branches":{"total":49,"covered":41,"skipped":0,"pct":83.67}}
,"C:\\Users\\ljyih\\Desktop\\ultrapower\\src\\features\\rate-limit-wait\\tmux-detector.ts": {"lines":{"total":101,"covered":44,"skipped":0,"pct":43.56},"functions":{"total":14,"covered":9,"skipped":0,"pct":64.28},"statements":{"total":108,"covered":49,"skipped":0,"pct":45.37},"branches":{"total":58,"covered":31,"skipped":0,"pct":53.44}}
,"C:\\Users\\ljyih\\Desktop\\ultrapower\\src\\features\\reflection\\data-collector.ts": {"lines":{"total":14,"covered":0,"skipped":0,"pct":0},"functions":{"total":3,"covered":0,"skipped":0,"pct":0},"statements":{"total":17,"covered":0,"skipped":0,"pct":0},"branches":{"total":8,"covered":0,"skipped":0,"pct":0}}
,"C:\\Users\\ljyih\\Desktop\\ultrapower\\src\\features\\reflection\\index.ts": {"lines":{"total":0,"covered":0,"skipped":0,"pct":100},"functions":{"total":0,"covered":0,"skipped":0,"pct":100},"statements":{"total":0,"covered":0,"skipped":0,"pct":100},"branches":{"total":0,"covered":0,"skipped":0,"pct":100}}
,"C:\\Users\\ljyih\\Desktop\\ultrapower\\src\\features\\reflection\\report-generator.ts": {"lines":{"total":7,"covered":0,"skipped":0,"pct":0},"functions":{"total":2,"covered":0,"skipped":0,"pct":0},"statements":{"total":7,"covered":0,"skipped":0,"pct":0},"branches":{"total":8,"covered":0,"skipped":0,"pct":0}}
,"C:\\Users\\ljyih\\Desktop\\ultrapower\\src\\features\\state-manager\\encryption.ts": {"lines":{"total":37,"covered":33,"skipped":0,"pct":89.18},"functions":{"total":5,"covered":5,"skipped":0,"pct":100},"statements":{"total":37,"covered":33,"skipped":0,"pct":89.18},"branches":{"total":12,"covered":8,"skipped":0,"pct":66.66}}
,"C:\\Users\\ljyih\\Desktop\\ultrapower\\src\\features\\state-manager\\index.ts": {"lines":{"total":211,"covered":132,"skipped":0,"pct":62.55},"functions":{"total":32,"covered":19,"skipped":0,"pct":59.37},"statements":{"total":220,"covered":136,"skipped":0,"pct":61.81},"branches":{"total":141,"covered":80,"skipped":0,"pct":56.73}}
,"C:\\Users\\ljyih\\Desktop\\ultrapower\\src\\features\\state-manager\\tiered-writer.ts": {"lines":{"total":29,"covered":29,"skipped":0,"pct":100},"functions":{"total":7,"covered":7,"skipped":0,"pct":100},"statements":{"total":32,"covered":32,"skipped":0,"pct":100},"branches":{"total":19,"covered":18,"skipped":0,"pct":94.73}}
,"C:\\Users\\ljyih\\Desktop\\ultrapower\\src\\features\\state-manager\\wal.ts": {"lines":{"total":35,"covered":35,"skipped":0,"pct":100},"functions":{"total":9,"covered":9,"skipped":0,"pct":100},"statements":{"total":39,"covered":36,"skipped":0,"pct":92.3},"branches":{"total":12,"covered":7,"skipped":0,"pct":58.33}}
,"C:\\Users\\ljyih\\Desktop\\ultrapower\\src\\features\\task-decomposer\\index.ts": {"lines":{"total":254,"covered":5,"skipped":0,"pct":1.96},"functions":{"total":39,"covered":0,"skipped":0,"pct":0},"statements":{"total":267,"covered":5,"skipped":0,"pct":1.87},"branches":{"total":169,"covered":0,"skipped":0,"pct":0}}
,"C:\\Users\\ljyih\\Desktop\\ultrapower\\src\\features\\task-templates\\index.ts": {"lines":{"total":7,"covered":7,"skipped":0,"pct":100},"functions":{"total":4,"covered":4,"skipped":0,"pct":100},"statements":{"total":7,"covered":7,"skipped":0,"pct":100},"branches":{"total":3,"covered":2,"skipped":0,"pct":66.66}}
,"C:\\Users\\ljyih\\Desktop\\ultrapower\\src\\features\\task-templates\\wizard-integration.ts": {"lines":{"total":8,"covered":8,"skipped":0,"pct":100},"functions":{"total":5,"covered":5,"skipped":0,"pct":100},"statements":{"total":8,"covered":8,"skipped":0,"pct":100},"branches":{"total":2,"covered":1,"skipped":0,"pct":50}}
,"C:\\Users\\ljyih\\Desktop\\ultrapower\\src\\features\\verification\\example.ts": {"lines":{"total":64,"covered":0,"skipped":0,"pct":0},"functions":{"total":9,"covered":0,"skipped":0,"pct":0},"statements":{"total":66,"covered":0,"skipped":0,"pct":0},"branches":{"total":18,"covered":0,"skipped":0,"pct":0}}
,"C:\\Users\\ljyih\\Desktop\\ultrapower\\src\\features\\verification\\index.ts": {"lines":{"total":175,"covered":2,"skipped":0,"pct":1.14},"functions":{"total":19,"covered":0,"skipped":0,"pct":0},"statements":{"total":180,"covered":2,"skipped":0,"pct":1.11},"branches":{"total":125,"covered":0,"skipped":0,"pct":0}}
,"C:\\Users\\ljyih\\Desktop\\ultrapower\\src\\features\\wizard\\engine.ts": {"lines":{"total":36,"covered":32,"skipped":0,"pct":88.88},"functions":{"total":6,"covered":6,"skipped":0,"pct":100},"statements":{"total":39,"covered":34,"skipped":0,"pct":87.17},"branches":{"total":34,"covered":26,"skipped":0,"pct":76.47}}
,"C:\\Users\\ljyih\\Desktop\\ultrapower\\src\\features\\wizard\\index.ts": {"lines":{"total":0,"covered":0,"skipped":0,"pct":100},"functions":{"total":0,"covered":0,"skipped":0,"pct":100},"statements":{"total":0,"covered":0,"skipped":0,"pct":100},"branches":{"total":0,"covered":0,"skipped":0,"pct":100}}
,"C:\\Users\\ljyih\\Desktop\\ultrapower\\src\\features\\wizard\\questions.ts": {"lines":{"total":1,"covered":1,"skipped":0,"pct":100},"functions":{"total":0,"covered":0,"skipped":0,"pct":100},"statements":{"total":1,"covered":1,"skipped":0,"pct":100},"branches":{"total":0,"covered":0,"skipped":0,"pct":100}}
,"C:\\Users\\ljyih\\Desktop\\ultrapower\\src\\features\\wizard\\recommendation-engine.ts": {"lines":{"total":15,"covered":14,"skipped":0,"pct":93.33},"functions":{"total":1,"covered":1,"skipped":0,"pct":100},"statements":{"total":15,"covered":14,"skipped":0,"pct":93.33},"branches":{"total":24,"covered":21,"skipped":0,"pct":87.5}}
,"C:\\Users\\ljyih\\Desktop\\ultrapower\\src\\features\\workflow-recommender\\context-analyzer.ts": {"lines":{"total":4,"covered":4,"skipped":0,"pct":100},"functions":{"total":2,"covered":2,"skipped":0,"pct":100},"statements":{"total":4,"covered":4,"skipped":0,"pct":100},"branches":{"total":2,"covered":2,"skipped":0,"pct":100}}
,"C:\\Users\\ljyih\\Desktop\\ultrapower\\src\\features\\workflow-recommender\\index.ts": {"lines":{"total":0,"covered":0,"skipped":0,"pct":100},"functions":{"total":0,"covered":0,"skipped":0,"pct":100},"statements":{"total":0,"covered":0,"skipped":0,"pct":100},"branches":{"total":0,"covered":0,"skipped":0,"pct":100}}
,"C:\\Users\\ljyih\\Desktop\\ultrapower\\src\\features\\workflow-recommender\\intent-classifier.ts": {"lines":{"total":7,"covered":7,"skipped":0,"pct":100},"functions":{"total":1,"covered":1,"skipped":0,"pct":100},"statements":{"total":7,"covered":7,"skipped":0,"pct":100},"branches":{"total":8,"covered":8,"skipped":0,"pct":100}}
,"C:\\Users\\ljyih\\Desktop\\ultrapower\\src\\features\\workflow-recommender\\recommendation-engine.ts": {"lines":{"total":20,"covered":14,"skipped":0,"pct":70},"functions":{"total":1,"covered":1,"skipped":0,"pct":100},"statements":{"total":20,"covered":14,"skipped":0,"pct":70},"branches":{"total":21,"covered":15,"skipped":0,"pct":71.42}}
,"C:\\Users\\ljyih\\Desktop\\ultrapower\\src\\features\\workflow-recommender\\recommender.ts": {"lines":{"total":18,"covered":0,"skipped":0,"pct":0},"functions":{"total":4,"covered":0,"skipped":0,"pct":0},"statements":{"total":25,"covered":0,"skipped":0,"pct":0},"branches":{"total":30,"covered":0,"skipped":0,"pct":0}}
,"C:\\Users\\ljyih\\Desktop\\ultrapower\\src\\features\\workflow-recommender\\router-integration.ts": {"lines":{"total":10,"covered":0,"skipped":0,"pct":0},"functions":{"total":2,"covered":0,"skipped":0,"pct":0},"statements":{"total":14,"covered":0,"skipped":0,"pct":0},"branches":{"total":19,"covered":0,"skipped":0,"pct":0}}
,"C:\\Users\\ljyih\\Desktop\\ultrapower\\src\\hooks\\bridge-normalize.ts": {"lines":{"total":77,"covered":74,"skipped":0,"pct":96.1},"functions":{"total":14,"covered":14,"skipped":0,"pct":100},"statements":{"total":83,"covered":80,"skipped":0,"pct":96.38},"branches":{"total":79,"covered":74,"skipped":0,"pct":93.67}}
,"C:\\Users\\ljyih\\Desktop\\ultrapower\\src\\hooks\\bridge-types.ts": {"lines":{"total":5,"covered":5,"skipped":0,"pct":100},"functions":{"total":1,"covered":1,"skipped":0,"pct":100},"statements":{"total":6,"covered":6,"skipped":0,"pct":100},"branches":{"total":2,"covered":2,"skipped":0,"pct":100}}
,"C:\\Users\\ljyih\\Desktop\\ultrapower\\src\\hooks\\bridge.ts": {"lines":{"total":408,"covered":271,"skipped":0,"pct":66.42},"functions":{"total":54,"covered":36,"skipped":0,"pct":66.66},"statements":{"total":414,"covered":274,"skipped":0,"pct":66.18},"branches":{"total":401,"covered":236,"skipped":0,"pct":58.85}}
,"C:\\Users\\ljyih\\Desktop\\ultrapower\\src\\hooks\\dependency-analyzer.ts": {"lines":{"total":56,"covered":0,"skipped":0,"pct":0},"functions":{"total":11,"covered":0,"skipped":0,"pct":0},"statements":{"total":65,"covered":0,"skipped":0,"pct":0},"branches":{"total":31,"covered":0,"skipped":0,"pct":0}}
,"C:\\Users\\ljyih\\Desktop\\ultrapower\\src\\hooks\\index.ts": {"lines":{"total":0,"covered":0,"skipped":0,"pct":100},"functions":{"total":0,"covered":0,"skipped":0,"pct":100},"statements":{"total":0,"covered":0,"skipped":0,"pct":100},"branches":{"total":0,"covered":0,"skipped":0,"pct":100}}
,"C:\\Users\\ljyih\\Desktop\\ultrapower\\src\\hooks\\parallel-executor.ts": {"lines":{"total":37,"covered":0,"skipped":0,"pct":0},"functions":{"total":10,"covered":0,"skipped":0,"pct":0},"statements":{"total":40,"covered":0,"skipped":0,"pct":0},"branches":{"total":13,"covered":0,"skipped":0,"pct":0}}
,"C:\\Users\\ljyih\\Desktop\\ultrapower\\src\\hooks\\race-detector.ts": {"lines":{"total":48,"covered":0,"skipped":0,"pct":0},"functions":{"total":16,"covered":0,"skipped":0,"pct":0},"statements":{"total":54,"covered":0,"skipped":0,"pct":0},"branches":{"total":21,"covered":0,"skipped":0,"pct":0}}
,"C:\\Users\\ljyih\\Desktop\\ultrapower\\src\\hooks\\timeout-wrapper.ts": {"lines":{"total":27,"covered":20,"skipped":0,"pct":74.07},"functions":{"total":7,"covered":6,"skipped":0,"pct":85.71},"statements":{"total":28,"covered":21,"skipped":0,"pct":75},"branches":{"total":6,"covered":6,"skipped":0,"pct":100}}
,"C:\\Users\\ljyih\\Desktop\\ultrapower\\src\\hooks\\agent-usage-reminder\\constants.ts": {"lines":{"total":5,"covered":5,"skipped":0,"pct":100},"functions":{"total":0,"covered":0,"skipped":0,"pct":100},"statements":{"total":5,"covered":5,"skipped":0,"pct":100},"branches":{"total":0,"covered":0,"skipped":0,"pct":100}}
,"C:\\Users\\ljyih\\Desktop\\ultrapower\\src\\hooks\\agent-usage-reminder\\index.ts": {"lines":{"total":38,"covered":12,"skipped":0,"pct":31.57},"functions":{"total":6,"covered":3,"skipped":0,"pct":50},"statements":{"total":38,"covered":12,"skipped":0,"pct":31.57},"branches":{"total":20,"covered":3,"skipped":0,"pct":15}}
,"C:\\Users\\ljyih\\Desktop\\ultrapower\\src\\hooks\\agent-usage-reminder\\storage.ts": {"lines":{"total":14,"covered":12,"skipped":0,"pct":85.71},"functions":{"total":4,"covered":4,"skipped":0,"pct":100},"statements":{"total":15,"covered":12,"skipped":0,"pct":80},"branches":{"total":6,"covered":3,"skipped":0,"pct":50}}
,"C:\\Users\\ljyih\\Desktop\\ultrapower\\src\\hooks\\auto-slash-command\\constants.ts": {"lines":{"total":5,"covered":5,"skipped":0,"pct":100},"functions":{"total":0,"covered":0,"skipped":0,"pct":100},"statements":{"total":5,"covered":5,"skipped":0,"pct":100},"branches":{"total":0,"covered":0,"skipped":0,"pct":100}}
,"C:\\Users\\ljyih\\Desktop\\ultrapower\\src\\hooks\\auto-slash-command\\detector.ts": {"lines":{"total":24,"covered":22,"skipped":0,"pct":91.66},"functions":{"total":7,"covered":7,"skipped":0,"pct":100},"statements":{"total":24,"covered":22,"skipped":0,"pct":91.66},"branches":{"total":12,"covered":9,"skipped":0,"pct":75}}
,"C:\\Users\\ljyih\\Desktop\\ultrapower\\src\\hooks\\auto-slash-command\\executor.ts": {"lines":{"total":86,"covered":50,"skipped":0,"pct":58.13},"functions":{"total":10,"covered":8,"skipped":0,"pct":80},"statements":{"total":90,"covered":51,"skipped":0,"pct":56.66},"branches":{"total":52,"covered":19,"skipped":0,"pct":36.53}}
,"C:\\Users\\ljyih\\Desktop\\ultrapower\\src\\hooks\\auto-slash-command\\index.ts": {"lines":{"total":28,"covered":24,"skipped":0,"pct":85.71},"functions":{"total":6,"covered":4,"skipped":0,"pct":66.66},"statements":{"total":28,"covered":24,"skipped":0,"pct":85.71},"branches":{"total":14,"covered":12,"skipped":0,"pct":85.71}}
,"C:\\Users\\ljyih\\Desktop\\ultrapower\\src\\hooks\\auto-slash-command\\live-data.ts": {"lines":{"total":219,"covered":216,"skipped":0,"pct":98.63},"functions":{"total":21,"covered":21,"skipped":0,"pct":100},"statements":{"total":233,"covered":228,"skipped":0,"pct":97.85},"branches":{"total":133,"covered":118,"skipped":0,"pct":88.72}}
,"C:\\Users\\ljyih\\Desktop\\ultrapower\\src\\hooks\\autopilot\\cancel.ts": {"lines":{"total":107,"covered":100,"skipped":0,"pct":93.45},"functions":{"total":6,"covered":6,"skipped":0,"pct":100},"statements":{"total":107,"covered":100,"skipped":0,"pct":93.45},"branches":{"total":80,"covered":71,"skipped":0,"pct":88.75}}
,"C:\\Users\\ljyih\\Desktop\\ultrapower\\src\\hooks\\autopilot\\enforcement.ts": {"lines":{"total":71,"covered":37,"skipped":0,"pct":52.11},"functions":{"total":6,"covered":4,"skipped":0,"pct":66.66},"statements":{"total":72,"covered":37,"skipped":0,"pct":51.38},"branches":{"total":65,"covered":31,"skipped":0,"pct":47.69}}
,"C:\\Users\\ljyih\\Desktop\\ultrapower\\src\\hooks\\autopilot\\index.ts": {"lines":{"total":0,"covered":0,"skipped":0,"pct":100},"functions":{"total":0,"covered":0,"skipped":0,"pct":100},"statements":{"total":0,"covered":0,"skipped":0,"pct":100},"branches":{"total":0,"covered":0,"skipped":0,"pct":100}}
,"C:\\Users\\ljyih\\Desktop\\ultrapower\\src\\hooks\\autopilot\\prompts.ts": {"lines":{"total":13,"covered":13,"skipped":0,"pct":100},"functions":{"total":7,"covered":7,"skipped":0,"pct":100},"statements":{"total":13,"covered":13,"skipped":0,"pct":100},"branches":{"total":14,"covered":10,"skipped":0,"pct":71.42}}
,"C:\\Users\\ljyih\\Desktop\\ultrapower\\src\\hooks\\autopilot\\state.ts": {"lines":{"total":169,"covered":143,"skipped":0,"pct":84.61},"functions":{"total":25,"covered":22,"skipped":0,"pct":88},"statements":{"total":180,"covered":146,"skipped":0,"pct":81.11},"branches":{"total":109,"covered":78,"skipped":0,"pct":71.55}}
,"C:\\Users\\ljyih\\Desktop\\ultrapower\\src\\hooks\\autopilot\\transition-helper.ts": {"lines":{"total":9,"covered":0,"skipped":0,"pct":0},"functions":{"total":1,"covered":0,"skipped":0,"pct":0},"statements":{"total":10,"covered":0,"skipped":0,"pct":0},"branches":{"total":0,"covered":0,"skipped":0,"pct":100}}
,"C:\\Users\\ljyih\\Desktop\\ultrapower\\src\\hooks\\autopilot\\validation.ts": {"lines":{"total":137,"covered":137,"skipped":0,"pct":100},"functions":{"total":16,"covered":16,"skipped":0,"pct":100},"statements":{"total":143,"covered":141,"skipped":0,"pct":98.6},"branches":{"total":76,"covered":72,"skipped":0,"pct":94.73}}
,"C:\\Users\\ljyih\\Desktop\\ultrapower\\src\\hooks\\axiom-boot\\index.ts": {"lines":{"total":30,"covered":21,"skipped":0,"pct":70},"functions":{"total":3,"covered":2,"skipped":0,"pct":66.66},"statements":{"total":34,"covered":24,"skipped":0,"pct":70.58},"branches":{"total":18,"covered":9,"skipped":0,"pct":50}}
,"C:\\Users\\ljyih\\Desktop\\ultrapower\\src\\hooks\\axiom-boot\\storage.ts": {"lines":{"total":32,"covered":31,"skipped":0,"pct":96.87},"functions":{"total":10,"covered":10,"skipped":0,"pct":100},"statements":{"total":39,"covered":32,"skipped":0,"pct":82.05},"branches":{"total":20,"covered":12,"skipped":0,"pct":60}}
,"C:\\Users\\ljyih\\Desktop\\ultrapower\\src\\hooks\\axiom-guards\\constants.ts": {"lines":{"total":5,"covered":5,"skipped":0,"pct":100},"functions":{"total":0,"covered":0,"skipped":0,"pct":100},"statements":{"total":5,"covered":5,"skipped":0,"pct":100},"branches":{"total":0,"covered":0,"skipped":0,"pct":100}}
,"C:\\Users\\ljyih\\Desktop\\ultrapower\\src\\hooks\\axiom-guards\\index.ts": {"lines":{"total":10,"covered":10,"skipped":0,"pct":100},"functions":{"total":4,"covered":4,"skipped":0,"pct":100},"statements":{"total":11,"covered":11,"skipped":0,"pct":100},"branches":{"total":6,"covered":5,"skipped":0,"pct":83.33}}
,"C:\\Users\\ljyih\\Desktop\\ultrapower\\src\\hooks\\background-notification\\index.ts": {"lines":{"total":62,"covered":11,"skipped":0,"pct":17.74},"functions":{"total":13,"covered":3,"skipped":0,"pct":23.07},"statements":{"total":62,"covered":11,"skipped":0,"pct":17.74},"branches":{"total":44,"covered":3,"skipped":0,"pct":6.81}}
,"C:\\Users\\ljyih\\Desktop\\ultrapower\\src\\hooks\\beads-context\\constants.ts": {"lines":{"total":2,"covered":2,"skipped":0,"pct":100},"functions":{"total":0,"covered":0,"skipped":0,"pct":100},"statements":{"total":2,"covered":2,"skipped":0,"pct":100},"branches":{"total":0,"covered":0,"skipped":0,"pct":100}}
,"C:\\Users\\ljyih\\Desktop\\ultrapower\\src\\hooks\\beads-context\\index.ts": {"lines":{"total":16,"covered":15,"skipped":0,"pct":93.75},"functions":{"total":4,"covered":4,"skipped":0,"pct":100},"statements":{"total":16,"covered":15,"skipped":0,"pct":93.75},"branches":{"total":14,"covered":13,"skipped":0,"pct":92.85}}
,"C:\\Users\\ljyih\\Desktop\\ultrapower\\src\\hooks\\comment-checker\\constants.ts": {"lines":{"total":5,"covered":5,"skipped":0,"pct":100},"functions":{"total":0,"covered":0,"skipped":0,"pct":100},"statements":{"total":5,"covered":5,"skipped":0,"pct":100},"branches":{"total":0,"covered":0,"skipped":0,"pct":100}}
,"C:\\Users\\ljyih\\Desktop\\ultrapower\\src\\hooks\\comment-checker\\filters.ts": {"lines":{"total":40,"covered":29,"skipped":0,"pct":72.5},"functions":{"total":9,"covered":7,"skipped":0,"pct":77.77},"statements":{"total":41,"covered":29,"skipped":0,"pct":70.73},"branches":{"total":22,"covered":12,"skipped":0,"pct":54.54}}
,"C:\\Users\\ljyih\\Desktop\\ultrapower\\src\\hooks\\comment-checker\\index.ts": {"lines":{"total":120,"covered":5,"skipped":0,"pct":4.16},"functions":{"total":14,"covered":0,"skipped":0,"pct":0},"statements":{"total":122,"covered":5,"skipped":0,"pct":4.09},"branches":{"total":91,"covered":0,"skipped":0,"pct":0}}
,"C:\\Users\\ljyih\\Desktop\\ultrapower\\src\\hooks\\directory-readme-injector\\constants.ts": {"lines":{"total":6,"covered":6,"skipped":0,"pct":100},"functions":{"total":0,"covered":0,"skipped":0,"pct":100},"statements":{"total":6,"covered":6,"skipped":0,"pct":100},"branches":{"total":0,"covered":0,"skipped":0,"pct":100}}
,"C:\\Users\\ljyih\\Desktop\\ultrapower\\src\\hooks\\directory-readme-injector\\index.ts": {"lines":{"total":66,"covered":59,"skipped":0,"pct":89.39},"functions":{"total":13,"covered":10,"skipped":0,"pct":76.92},"statements":{"total":76,"covered":63,"skipped":0,"pct":82.89},"branches":{"total":35,"covered":26,"skipped":0,"pct":74.28}}
,"C:\\Users\\ljyih\\Desktop\\ultrapower\\src\\hooks\\directory-readme-injector\\storage.ts": {"lines":{"total":15,"covered":10,"skipped":0,"pct":66.66},"functions":{"total":4,"covered":3,"skipped":0,"pct":75},"statements":{"total":16,"covered":11,"skipped":0,"pct":68.75},"branches":{"total":6,"covered":3,"skipped":0,"pct":50}}
,"C:\\Users\\ljyih\\Desktop\\ultrapower\\src\\hooks\\empty-message-sanitizer\\constants.ts": {"lines":{"total":5,"covered":5,"skipped":0,"pct":100},"functions":{"total":0,"covered":0,"skipped":0,"pct":100},"statements":{"total":5,"covered":5,"skipped":0,"pct":100},"branches":{"total":0,"covered":0,"skipped":0,"pct":100}}
,"C:\\Users\\ljyih\\Desktop\\ultrapower\\src\\hooks\\empty-message-sanitizer\\index.ts": {"lines":{"total":62,"covered":57,"skipped":0,"pct":91.93},"functions":{"total":12,"covered":10,"skipped":0,"pct":83.33},"statements":{"total":65,"covered":59,"skipped":0,"pct":90.76},"branches":{"total":39,"covered":32,"skipped":0,"pct":82.05}}
,"C:\\Users\\ljyih\\Desktop\\ultrapower\\src\\hooks\\guards\\post-tool.ts": {"lines":{"total":17,"covered":17,"skipped":0,"pct":100},"functions":{"total":3,"covered":3,"skipped":0,"pct":100},"statements":{"total":17,"covered":17,"skipped":0,"pct":100},"branches":{"total":14,"covered":12,"skipped":0,"pct":85.71}}
,"C:\\Users\\ljyih\\Desktop\\ultrapower\\src\\hooks\\guards\\pre-tool.ts": {"lines":{"total":16,"covered":16,"skipped":0,"pct":100},"functions":{"total":2,"covered":2,"skipped":0,"pct":100},"statements":{"total":16,"covered":16,"skipped":0,"pct":100},"branches":{"total":14,"covered":14,"skipped":0,"pct":100}}
,"C:\\Users\\ljyih\\Desktop\\ultrapower\\src\\hooks\\guards\\session-watchdog.ts": {"lines":{"total":30,"covered":28,"skipped":0,"pct":93.33},"functions":{"total":9,"covered":9,"skipped":0,"pct":100},"statements":{"total":31,"covered":29,"skipped":0,"pct":93.54},"branches":{"total":17,"covered":16,"skipped":0,"pct":94.11}}
,"C:\\Users\\ljyih\\Desktop\\ultrapower\\src\\hooks\\guards\\status-dashboard.ts": {"lines":{"total":37,"covered":36,"skipped":0,"pct":97.29},"functions":{"total":14,"covered":13,"skipped":0,"pct":92.85},"statements":{"total":38,"covered":37,"skipped":0,"pct":97.36},"branches":{"total":18,"covered":14,"skipped":0,"pct":77.77}}
,"C:\\Users\\ljyih\\Desktop\\ultrapower\\src\\hooks\\keyword-detector\\index.ts": {"lines":{"total":42,"covered":42,"skipped":0,"pct":100},"functions":{"total":13,"covered":13,"skipped":0,"pct":100},"statements":{"total":48,"covered":48,"skipped":0,"pct":100},"branches":{"total":28,"covered":27,"skipped":0,"pct":96.42}}
,"C:\\Users\\ljyih\\Desktop\\ultrapower\\src\\hooks\\learner\\auto-invoke.ts": {"lines":{"total":76,"covered":1,"skipped":0,"pct":1.31},"functions":{"total":23,"covered":0,"skipped":0,"pct":0},"statements":{"total":83,"covered":1,"skipped":0,"pct":1.2},"branches":{"total":38,"covered":0,"skipped":0,"pct":0}}
,"C:\\Users\\ljyih\\Desktop\\ultrapower\\src\\hooks\\learner\\auto-learner.ts": {"lines":{"total":142,"covered":136,"skipped":0,"pct":95.77},"functions":{"total":14,"covered":13,"skipped":0,"pct":92.85},"statements":{"total":142,"covered":136,"skipped":0,"pct":95.77},"branches":{"total":88,"covered":79,"skipped":0,"pct":89.77}}
,"C:\\Users\\ljyih\\Desktop\\ultrapower\\src\\hooks\\learner\\bridge.ts": {"lines":{"total":230,"covered":184,"skipped":0,"pct":80},"functions":{"total":24,"covered":21,"skipped":0,"pct":87.5},"statements":{"total":253,"covered":193,"skipped":0,"pct":76.28},"branches":{"total":136,"covered":92,"skipped":0,"pct":67.64}}
,"C:\\Users\\ljyih\\Desktop\\ultrapower\\src\\hooks\\learner\\confidence.ts": {"lines":{"total":79,"covered":10,"skipped":0,"pct":12.65},"functions":{"total":16,"covered":1,"skipped":0,"pct":6.25},"statements":{"total":93,"covered":11,"skipped":0,"pct":11.82},"branches":{"total":61,"covered":7,"skipped":0,"pct":11.47}}
,"C:\\Users\\ljyih\\Desktop\\ultrapower\\src\\hooks\\learner\\config.ts": {"lines":{"total":27,"covered":6,"skipped":0,"pct":22.22},"functions":{"total":5,"covered":2,"skipped":0,"pct":40},"statements":{"total":27,"covered":6,"skipped":0,"pct":22.22},"branches":{"total":10,"covered":1,"skipped":0,"pct":10}}
,"C:\\Users\\ljyih\\Desktop\\ultrapower\\src\\hooks\\learner\\constants.ts": {"lines":{"total":12,"covered":12,"skipped":0,"pct":100},"functions":{"total":0,"covered":0,"skipped":0,"pct":100},"statements":{"total":12,"covered":12,"skipped":0,"pct":100},"branches":{"total":0,"covered":0,"skipped":0,"pct":100}}
,"C:\\Users\\ljyih\\Desktop\\ultrapower\\src\\hooks\\learner\\detection-hook.ts": {"lines":{"total":25,"covered":2,"skipped":0,"pct":8},"functions":{"total":5,"covered":0,"skipped":0,"pct":0},"statements":{"total":25,"covered":2,"skipped":0,"pct":8},"branches":{"total":15,"covered":0,"skipped":0,"pct":0}}
,"C:\\Users\\ljyih\\Desktop\\ultrapower\\src\\hooks\\learner\\detector.ts": {"lines":{"total":21,"covered":21,"skipped":0,"pct":100},"functions":{"total":3,"covered":3,"skipped":0,"pct":100},"statements":{"total":21,"covered":21,"skipped":0,"pct":100},"branches":{"total":17,"covered":17,"skipped":0,"pct":100}}
,"C:\\Users\\ljyih\\Desktop\\ultrapower\\src\\hooks\\learner\\finder.ts": {"lines":{"total":64,"covered":52,"skipped":0,"pct":81.25},"functions":{"total":6,"covered":6,"skipped":0,"pct":100},"statements":{"total":69,"covered":55,"skipped":0,"pct":79.71},"branches":{"total":48,"covered":36,"skipped":0,"pct":75}}
,"C:\\Users\\ljyih\\Desktop\\ultrapower\\src\\hooks\\learner\\harvester.ts": {"lines":{"total":47,"covered":0,"skipped":0,"pct":0},"functions":{"total":12,"covered":0,"skipped":0,"pct":0},"statements":{"total":53,"covered":0,"skipped":0,"pct":0},"branches":{"total":40,"covered":0,"skipped":0,"pct":0}}
,"C:\\Users\\ljyih\\Desktop\\ultrapower\\src\\hooks\\learner\\index-manager.ts": {"lines":{"total":100,"covered":65,"skipped":0,"pct":65},"functions":{"total":30,"covered":19,"skipped":0,"pct":63.33},"statements":{"total":119,"covered":75,"skipped":0,"pct":63.02},"branches":{"total":80,"covered":44,"skipped":0,"pct":55}}
,"C:\\Users\\ljyih\\Desktop\\ultrapower\\src\\hooks\\learner\\index.ts": {"lines":{"total":37,"covered":13,"skipped":0,"pct":35.13},"functions":{"total":11,"covered":5,"skipped":0,"pct":45.45},"statements":{"total":39,"covered":13,"skipped":0,"pct":33.33},"branches":{"total":12,"covered":3,"skipped":0,"pct":25}}
,"C:\\Users\\ljyih\\Desktop\\ultrapower\\src\\hooks\\learner\\learning-queue.ts": {"lines":{"total":106,"covered":78,"skipped":0,"pct":73.58},"functions":{"total":20,"covered":15,"skipped":0,"pct":75},"statements":{"total":121,"covered":87,"skipped":0,"pct":71.9},"branches":{"total":109,"covered":64,"skipped":0,"pct":58.71}}
,"C:\\Users\\ljyih\\Desktop\\ultrapower\\src\\hooks\\learner\\loader.ts": {"lines":{"total":46,"covered":35,"skipped":0,"pct":76.08},"functions":{"total":10,"covered":8,"skipped":0,"pct":80},"statements":{"total":48,"covered":36,"skipped":0,"pct":75},"branches":{"total":27,"covered":15,"skipped":0,"pct":55.55}}
,"C:\\Users\\ljyih\\Desktop\\ultrapower\\src\\hooks\\learner\\matcher.ts": {"lines":{"total":97,"covered":97,"skipped":0,"pct":100},"functions":{"total":16,"covered":16,"skipped":0,"pct":100},"statements":{"total":111,"covered":111,"skipped":0,"pct":100},"branches":{"total":55,"covered":51,"skipped":0,"pct":92.72}}
,"C:\\Users\\ljyih\\Desktop\\ultrapower\\src\\hooks\\learner\\metrics.ts": {"lines":{"total":71,"covered":0,"skipped":0,"pct":0},"functions":{"total":11,"covered":0,"skipped":0,"pct":0},"statements":{"total":96,"covered":0,"skipped":0,"pct":0},"branches":{"total":106,"covered":0,"skipped":0,"pct":0}}
,"C:\\Users\\ljyih\\Desktop\\ultrapower\\src\\hooks\\learner\\orchestrator.ts": {"lines":{"total":51,"covered":0,"skipped":0,"pct":0},"functions":{"total":15,"covered":0,"skipped":0,"pct":0},"statements":{"total":52,"covered":0,"skipped":0,"pct":0},"branches":{"total":12,"covered":0,"skipped":0,"pct":0}}
,"C:\\Users\\ljyih\\Desktop\\ultrapower\\src\\hooks\\learner\\parser.ts": {"lines":{"total":98,"covered":92,"skipped":0,"pct":93.87},"functions":{"total":6,"covered":6,"skipped":0,"pct":100},"statements":{"total":106,"covered":99,"skipped":0,"pct":93.39},"branches":{"total":74,"covered":62,"skipped":0,"pct":83.78}}
,"C:\\Users\\ljyih\\Desktop\\ultrapower\\src\\hooks\\learner\\pattern-detector.ts": {"lines":{"total":55,"covered":1,"skipped":0,"pct":1.81},"functions":{"total":12,"covered":0,"skipped":0,"pct":0},"statements":{"total":65,"covered":1,"skipped":0,"pct":1.53},"branches":{"total":58,"covered":0,"skipped":0,"pct":0}}
,"C:\\Users\\ljyih\\Desktop\\ultrapower\\src\\hooks\\learner\\promotion.ts": {"lines":{"total":42,"covered":42,"skipped":0,"pct":100},"functions":{"total":10,"covered":10,"skipped":0,"pct":100},"statements":{"total":52,"covered":52,"skipped":0,"pct":100},"branches":{"total":28,"covered":24,"skipped":0,"pct":85.71}}
,"C:\\Users\\ljyih\\Desktop\\ultrapower\\src\\hooks\\learner\\queue-archiver.ts": {"lines":{"total":73,"covered":73,"skipped":0,"pct":100},"functions":{"total":11,"covered":11,"skipped":0,"pct":100},"statements":{"total":79,"covered":79,"skipped":0,"pct":100},"branches":{"total":38,"covered":29,"skipped":0,"pct":76.31}}
,"C:\\Users\\ljyih\\Desktop\\ultrapower\\src\\hooks\\learner\\reflection-archiver.ts": {"lines":{"total":50,"covered":43,"skipped":0,"pct":86},"functions":{"total":5,"covered":5,"skipped":0,"pct":100},"statements":{"total":52,"covered":45,"skipped":0,"pct":86.53},"branches":{"total":12,"covered":7,"skipped":0,"pct":58.33}}
,"C:\\Users\\ljyih\\Desktop\\ultrapower\\src\\hooks\\learner\\reflection-cleanup.ts": {"lines":{"total":23,"covered":0,"skipped":0,"pct":0},"functions":{"total":6,"covered":0,"skipped":0,"pct":0},"statements":{"total":27,"covered":0,"skipped":0,"pct":0},"branches":{"total":4,"covered":0,"skipped":0,"pct":0}}
,"C:\\Users\\ljyih\\Desktop\\ultrapower\\src\\hooks\\learner\\reflection-parser.ts": {"lines":{"total":50,"covered":48,"skipped":0,"pct":96},"functions":{"total":7,"covered":7,"skipped":0,"pct":100},"statements":{"total":62,"covered":60,"skipped":0,"pct":96.77},"branches":{"total":30,"covered":28,"skipped":0,"pct":93.33}}
,"C:\\Users\\ljyih\\Desktop\\ultrapower\\src\\hooks\\learner\\reflection.ts": {"lines":{"total":40,"covered":0,"skipped":0,"pct":0},"functions":{"total":12,"covered":0,"skipped":0,"pct":0},"statements":{"total":43,"covered":0,"skipped":0,"pct":0},"branches":{"total":35,"covered":0,"skipped":0,"pct":0}}
,"C:\\Users\\ljyih\\Desktop\\ultrapower\\src\\hooks\\learner\\seed-knowledge.ts": {"lines":{"total":27,"covered":0,"skipped":0,"pct":0},"functions":{"total":4,"covered":0,"skipped":0,"pct":0},"statements":{"total":28,"covered":0,"skipped":0,"pct":0},"branches":{"total":19,"covered":0,"skipped":0,"pct":0}}
,"C:\\Users\\ljyih\\Desktop\\ultrapower\\src\\hooks\\learner\\session-reflector.ts": {"lines":{"total":28,"covered":19,"skipped":0,"pct":67.85},"functions":{"total":4,"covered":3,"skipped":0,"pct":75},"statements":{"total":29,"covered":19,"skipped":0,"pct":65.51},"branches":{"total":21,"covered":11,"skipped":0,"pct":52.38}}
,"C:\\Users\\ljyih\\Desktop\\ultrapower\\src\\hooks\\learner\\usage-tracker.ts": {"lines":{"total":57,"covered":38,"skipped":0,"pct":66.66},"functions":{"total":9,"covered":7,"skipped":0,"pct":77.77},"statements":{"total":63,"covered":43,"skipped":0,"pct":68.25},"branches":{"total":56,"covered":32,"skipped":0,"pct":57.14}}
,"C:\\Users\\ljyih\\Desktop\\ultrapower\\src\\hooks\\learner\\validator.ts": {"lines":{"total":43,"covered":41,"skipped":0,"pct":95.34},"functions":{"total":4,"covered":4,"skipped":0,"pct":100},"statements":{"total":45,"covered":43,"skipped":0,"pct":95.55},"branches":{"total":38,"covered":35,"skipped":0,"pct":92.1}}
,"C:\\Users\\ljyih\\Desktop\\ultrapower\\src\\hooks\\learner\\writer.ts": {"lines":{"total":32,"covered":19,"skipped":0,"pct":59.37},"functions":{"total":7,"covered":3,"skipped":0,"pct":42.85},"statements":{"total":35,"covered":19,"skipped":0,"pct":54.28},"branches":{"total":14,"covered":7,"skipped":0,"pct":50}}
,"C:\\Users\\ljyih\\Desktop\\ultrapower\\src\\hooks\\memory\\constants.ts": {"lines":{"total":2,"covered":2,"skipped":0,"pct":100},"functions":{"total":0,"covered":0,"skipped":0,"pct":100},"statements":{"total":2,"covered":2,"skipped":0,"pct":100},"branches":{"total":0,"covered":0,"skipped":0,"pct":100}}
,"C:\\Users\\ljyih\\Desktop\\ultrapower\\src\\hooks\\memory\\index.ts": {"lines":{"total":41,"covered":14,"skipped":0,"pct":34.14},"functions":{"total":9,"covered":6,"skipped":0,"pct":66.66},"statements":{"total":42,"covered":14,"skipped":0,"pct":33.33},"branches":{"total":14,"covered":3,"skipped":0,"pct":21.42}}
,"C:\\Users\\ljyih\\Desktop\\ultrapower\\src\\hooks\\mode-registry\\index.ts": {"lines":{"total":192,"covered":95,"skipped":0,"pct":49.47},"functions":{"total":25,"covered":16,"skipped":0,"pct":64},"statements":{"total":199,"covered":98,"skipped":0,"pct":49.24},"branches":{"total":99,"covered":52,"skipped":0,"pct":52.52}}
,"C:\\Users\\ljyih\\Desktop\\ultrapower\\src\\hooks\\nexus\\config.ts": {"lines":{"total":16,"covered":13,"skipped":0,"pct":81.25},"functions":{"total":2,"covered":2,"skipped":0,"pct":100},"statements":{"total":16,"covered":13,"skipped":0,"pct":81.25},"branches":{"total":9,"covered":7,"skipped":0,"pct":77.77}}
,"C:\\Users\\ljyih\\Desktop\\ultrapower\\src\\hooks\\nexus\\consciousness-sync.ts": {"lines":{"total":30,"covered":26,"skipped":0,"pct":86.66},"functions":{"total":4,"covered":4,"skipped":0,"pct":100},"statements":{"total":30,"covered":26,"skipped":0,"pct":86.66},"branches":{"total":20,"covered":13,"skipped":0,"pct":65}}
,"C:\\Users\\ljyih\\Desktop\\ultrapower\\src\\hooks\\nexus\\data-collector.ts": {"lines":{"total":10,"covered":10,"skipped":0,"pct":100},"functions":{"total":2,"covered":2,"skipped":0,"pct":100},"statements":{"total":11,"covered":11,"skipped":0,"pct":100},"branches":{"total":2,"covered":2,"skipped":0,"pct":100}}
,"C:\\Users\\ljyih\\Desktop\\ultrapower\\src\\hooks\\nexus\\improvement-puller.ts": {"lines":{"total":18,"covered":14,"skipped":0,"pct":77.77},"functions":{"total":4,"covered":3,"skipped":0,"pct":75},"statements":{"total":22,"covered":16,"skipped":0,"pct":72.72},"branches":{"total":16,"covered":12,"skipped":0,"pct":75}}
,"C:\\Users\\ljyih\\Desktop\\ultrapower\\src\\hooks\\nexus\\session-end-hook.ts": {"lines":{"total":28,"covered":26,"skipped":0,"pct":92.85},"functions":{"total":8,"covered":7,"skipped":0,"pct":87.5},"statements":{"total":30,"covered":26,"skipped":0,"pct":86.66},"branches":{"total":22,"covered":14,"skipped":0,"pct":63.63}}
,"C:\\Users\\ljyih\\Desktop\\ultrapower\\src\\hooks\\non-interactive-env\\constants.ts": {"lines":{"total":3,"covered":3,"skipped":0,"pct":100},"functions":{"total":0,"covered":0,"skipped":0,"pct":100},"statements":{"total":3,"covered":3,"skipped":0,"pct":100},"branches":{"total":0,"covered":0,"skipped":0,"pct":100}}
,"C:\\Users\\ljyih\\Desktop\\ultrapower\\src\\hooks\\non-interactive-env\\detector.ts": {"lines":{"total":9,"covered":0,"skipped":0,"pct":0},"functions":{"total":1,"covered":0,"skipped":0,"pct":0},"statements":{"total":9,"covered":0,"skipped":0,"pct":0},"branches":{"total":12,"covered":0,"skipped":0,"pct":0}}
,"C:\\Users\\ljyih\\Desktop\\ultrapower\\src\\hooks\\non-interactive-env\\index.ts": {"lines":{"total":23,"covered":12,"skipped":0,"pct":52.17},"functions":{"total":7,"covered":4,"skipped":0,"pct":57.14},"statements":{"total":25,"covered":13,"skipped":0,"pct":52},"branches":{"total":10,"covered":3,"skipped":0,"pct":30}}
,"C:\\Users\\ljyih\\Desktop\\ultrapower\\src\\hooks\\notepad\\index.ts": {"lines":{"total":141,"covered":133,"skipped":0,"pct":94.32},"functions":{"total":18,"covered":18,"skipped":0,"pct":100},"statements":{"total":142,"covered":134,"skipped":0,"pct":94.36},"branches":{"total":64,"covered":61,"skipped":0,"pct":95.31}}
,"C:\\Users\\ljyih\\Desktop\\ultrapower\\src\\hooks\\observability\\agent-tracker.ts": {"lines":{"total":12,"covered":12,"skipped":0,"pct":100},"functions":{"total":2,"covered":2,"skipped":0,"pct":100},"statements":{"total":12,"covered":12,"skipped":0,"pct":100},"branches":{"total":5,"covered":4,"skipped":0,"pct":80}}
,"C:\\Users\\ljyih\\Desktop\\ultrapower\\src\\hooks\\observability\\cost-estimator.ts": {"lines":{"total":12,"covered":12,"skipped":0,"pct":100},"functions":{"total":3,"covered":3,"skipped":0,"pct":100},"statements":{"total":14,"covered":14,"skipped":0,"pct":100},"branches":{"total":14,"covered":14,"skipped":0,"pct":100}}
,"C:\\Users\\ljyih\\Desktop\\ultrapower\\src\\hooks\\observability\\db.ts": {"lines":{"total":11,"covered":11,"skipped":0,"pct":100},"functions":{"total":3,"covered":3,"skipped":0,"pct":100},"statements":{"total":11,"covered":11,"skipped":0,"pct":100},"branches":{"total":4,"covered":3,"skipped":0,"pct":75}}
,"C:\\Users\\ljyih\\Desktop\\ultrapower\\src\\hooks\\observability\\query-engine.ts": {"lines":{"total":40,"covered":40,"skipped":0,"pct":100},"functions":{"total":7,"covered":7,"skipped":0,"pct":100},"statements":{"total":59,"covered":51,"skipped":0,"pct":86.44},"branches":{"total":33,"covered":20,"skipped":0,"pct":60.6}}
,"C:\\Users\\ljyih\\Desktop\\ultrapower\\src\\hooks\\observability\\tool-tracker.ts": {"lines":{"total":10,"covered":10,"skipped":0,"pct":100},"functions":{"total":2,"covered":2,"skipped":0,"pct":100},"statements":{"total":10,"covered":10,"skipped":0,"pct":100},"branches":{"total":8,"covered":7,"skipped":0,"pct":87.5}}
,"C:\\Users\\ljyih\\Desktop\\ultrapower\\src\\hooks\\observability\\write-queue.ts": {"lines":{"total":28,"covered":28,"skipped":0,"pct":100},"functions":{"total":8,"covered":8,"skipped":0,"pct":100},"statements":{"total":34,"covered":32,"skipped":0,"pct":94.11},"branches":{"total":12,"covered":9,"skipped":0,"pct":75}}
,"C:\\Users\\ljyih\\Desktop\\ultrapower\\src\\hooks\\omc-orchestrator\\audit.ts": {"lines":{"total":25,"covered":8,"skipped":0,"pct":32},"functions":{"total":7,"covered":1,"skipped":0,"pct":14.28},"statements":{"total":26,"covered":8,"skipped":0,"pct":30.76},"branches":{"total":10,"covered":0,"skipped":0,"pct":0}}
,"C:\\Users\\ljyih\\Desktop\\ultrapower\\src\\hooks\\omc-orchestrator\\constants.ts": {"lines":{"total":10,"covered":10,"skipped":0,"pct":100},"functions":{"total":0,"covered":0,"skipped":0,"pct":100},"statements":{"total":10,"covered":10,"skipped":0,"pct":100},"branches":{"total":0,"covered":0,"skipped":0,"pct":100}}
,"C:\\Users\\ljyih\\Desktop\\ultrapower\\src\\hooks\\omc-orchestrator\\index.ts": {"lines":{"total":152,"covered":61,"skipped":0,"pct":40.13},"functions":{"total":25,"covered":9,"skipped":0,"pct":36},"statements":{"total":166,"covered":67,"skipped":0,"pct":40.36},"branches":{"total":114,"covered":59,"skipped":0,"pct":51.75}}
,"C:\\Users\\ljyih\\Desktop\\ultrapower\\src\\hooks\\permission-handler\\index.ts": {"lines":{"total":59,"covered":48,"skipped":0,"pct":81.35},"functions":{"total":12,"covered":7,"skipped":0,"pct":58.33},"statements":{"total":69,"covered":50,"skipped":0,"pct":72.46},"branches":{"total":49,"covered":34,"skipped":0,"pct":69.38}}
,"C:\\Users\\ljyih\\Desktop\\ultrapower\\src\\hooks\\persistent-mode\\index.ts": {"lines":{"total":137,"covered":55,"skipped":0,"pct":40.14},"functions":{"total":9,"covered":5,"skipped":0,"pct":55.55},"statements":{"total":137,"covered":55,"skipped":0,"pct":40.14},"branches":{"total":102,"covered":40,"skipped":0,"pct":39.21}}
,"C:\\Users\\ljyih\\Desktop\\ultrapower\\src\\hooks\\persistent-mode\\tool-error.ts": {"lines":{"total":30,"covered":29,"skipped":0,"pct":96.66},"functions":{"total":3,"covered":3,"skipped":0,"pct":100},"statements":{"total":30,"covered":29,"skipped":0,"pct":96.66},"branches":{"total":22,"covered":20,"skipped":0,"pct":90.9}}
,"C:\\Users\\ljyih\\Desktop\\ultrapower\\src\\hooks\\plugin-patterns\\index.ts": {"lines":{"total":104,"covered":8,"skipped":0,"pct":7.69},"functions":{"total":15,"covered":1,"skipped":0,"pct":6.66},"statements":{"total":108,"covered":10,"skipped":0,"pct":9.25},"branches":{"total":62,"covered":6,"skipped":0,"pct":9.67}}
,"C:\\Users\\ljyih\\Desktop\\ultrapower\\src\\hooks\\pre-compact\\index.ts": {"lines":{"total":187,"covered":83,"skipped":0,"pct":44.38},"functions":{"total":26,"covered":12,"skipped":0,"pct":46.15},"statements":{"total":188,"covered":83,"skipped":0,"pct":44.14},"branches":{"total":116,"covered":27,"skipped":0,"pct":23.27}}
,"C:\\Users\\ljyih\\Desktop\\ultrapower\\src\\hooks\\preemptive-compaction\\constants.ts": {"lines":{"total":10,"covered":10,"skipped":0,"pct":100},"functions":{"total":0,"covered":0,"skipped":0,"pct":100},"statements":{"total":10,"covered":10,"skipped":0,"pct":100},"branches":{"total":4,"covered":3,"skipped":0,"pct":75}}
,"C:\\Users\\ljyih\\Desktop\\ultrapower\\src\\hooks\\preemptive-compaction\\index.ts": {"lines":{"total":106,"covered":84,"skipped":0,"pct":79.24},"functions":{"total":16,"covered":12,"skipped":0,"pct":75},"statements":{"total":106,"covered":84,"skipped":0,"pct":79.24},"branches":{"total":52,"covered":37,"skipped":0,"pct":71.15}}
,"C:\\Users\\ljyih\\Desktop\\ultrapower\\src\\hooks\\project-memory\\constants.ts": {"lines":{"total":9,"covered":9,"skipped":0,"pct":100},"functions":{"total":0,"covered":0,"skipped":0,"pct":100},"statements":{"total":9,"covered":9,"skipped":0,"pct":100},"branches":{"total":0,"covered":0,"skipped":0,"pct":100}}
,"C:\\Users\\ljyih\\Desktop\\ultrapower\\src\\hooks\\project-memory\\detector.ts": {"lines":{"total":209,"covered":175,"skipped":0,"pct":83.73},"functions":{"total":22,"covered":14,"skipped":0,"pct":63.63},"statements":{"total":231,"covered":184,"skipped":0,"pct":79.65},"branches":{"total":144,"covered":91,"skipped":0,"pct":63.19}}
,"C:\\Users\\ljyih\\Desktop\\ultrapower\\src\\hooks\\project-memory\\directive-detector.ts": {"lines":{"total":52,"covered":6,"skipped":0,"pct":11.53},"functions":{"total":11,"covered":1,"skipped":0,"pct":9.09},"statements":{"total":56,"covered":6,"skipped":0,"pct":10.71},"branches":{"total":35,"covered":2,"skipped":0,"pct":5.71}}
,"C:\\Users\\ljyih\\Desktop\\ultrapower\\src\\hooks\\project-memory\\directory-mapper.ts": {"lines":{"total":43,"covered":28,"skipped":0,"pct":65.11},"functions":{"total":8,"covered":3,"skipped":0,"pct":37.5},"statements":{"total":49,"covered":32,"skipped":0,"pct":65.3},"branches":{"total":22,"covered":13,"skipped":0,"pct":59.09}}
,"C:\\Users\\ljyih\\Desktop\\ultrapower\\src\\hooks\\project-memory\\formatter.ts": {"lines":{"total":93,"covered":80,"skipped":0,"pct":86.02},"functions":{"total":7,"covered":6,"skipped":0,"pct":85.71},"statements":{"total":96,"covered":83,"skipped":0,"pct":86.45},"branches":{"total":60,"covered":44,"skipped":0,"pct":73.33}}
,"C:\\Users\\ljyih\\Desktop\\ultrapower\\src\\hooks\\project-memory\\hot-path-tracker.ts": {"lines":{"total":24,"covered":5,"skipped":0,"pct":20.83},"functions":{"total":9,"covered":2,"skipped":0,"pct":22.22},"statements":{"total":27,"covered":5,"skipped":0,"pct":18.51},"branches":{"total":13,"covered":4,"skipped":0,"pct":30.76}}
,"C:\\Users\\ljyih\\Desktop\\ultrapower\\src\\hooks\\project-memory\\index.ts": {"lines":{"total":26,"covered":21,"skipped":0,"pct":80.76},"functions":{"total":4,"covered":3,"skipped":0,"pct":75},"statements":{"total":26,"covered":21,"skipped":0,"pct":80.76},"branches":{"total":15,"covered":12,"skipped":0,"pct":80}}
,"C:\\Users\\ljyih\\Desktop\\ultrapower\\src\\hooks\\project-memory\\learner.ts": {"lines":{"total":83,"covered":69,"skipped":0,"pct":83.13},"functions":{"total":11,"covered":10,"skipped":0,"pct":90.9},"statements":{"total":85,"covered":71,"skipped":0,"pct":83.52},"branches":{"total":75,"covered":55,"skipped":0,"pct":73.33}}
,"C:\\Users\\ljyih\\Desktop\\ultrapower\\src\\hooks\\project-memory\\pre-compact.ts": {"lines":{"total":15,"covered":0,"skipped":0,"pct":0},"functions":{"total":1,"covered":0,"skipped":0,"pct":0},"statements":{"total":15,"covered":0,"skipped":0,"pct":0},"branches":{"total":9,"covered":0,"skipped":0,"pct":0}}
,"C:\\Users\\ljyih\\Desktop\\ultrapower\\src\\hooks\\project-memory\\storage.ts": {"lines":{"total":21,"covered":20,"skipped":0,"pct":95.23},"functions":{"total":5,"covered":5,"skipped":0,"pct":100},"statements":{"total":21,"covered":20,"skipped":0,"pct":95.23},"branches":{"total":5,"covered":5,"skipped":0,"pct":100}}
,"C:\\Users\\ljyih\\Desktop\\ultrapower\\src\\hooks\\ralph\\index.ts": {"lines":{"total":0,"covered":0,"skipped":0,"pct":100},"functions":{"total":0,"covered":0,"skipped":0,"pct":100},"statements":{"total":0,"covered":0,"skipped":0,"pct":100},"branches":{"total":0,"covered":0,"skipped":0,"pct":100}}
,"C:\\Users\\ljyih\\Desktop\\ultrapower\\src\\hooks\\ralph\\loop.ts": {"lines":{"total":149,"covered":117,"skipped":0,"pct":78.52},"functions":{"total":21,"covered":16,"skipped":0,"pct":76.19},"statements":{"total":149,"covered":117,"skipped":0,"pct":78.52},"branches":{"total":82,"covered":63,"skipped":0,"pct":76.82}}
[...]
,"C:\\Users\\ljyih\\Desktop\\ultrapower\\src\\team\\activity-log.ts": {"lines":{"total":39,"covered":25,"skipped":0,"pct":64.1},"functions":{"total":5,"covered":5,"skipped":0,"pct":100},"statements":{"total":44,"covered":30,"skipped":0,"pct":68.18},"branches":{"total":52,"covered":25,"skipped":0,"pct":48.07}}
,"C:\\Users\\ljyih\\Desktop\\ultrapower\\src\\team\\audit-log.ts": {"lines":{"total":42,"covered":39,"skipped":0,"pct":92.85},"functions":{"total":6,"covered":6,"skipped":0,"pct":100},"statements":{"total":51,"covered":47,"skipped":0,"pct":92.15},"branches":{"total":29,"covered":24,"skipped":0,"pct":82.75}}
,"C:\\Users\\ljyih\\Desktop\\ultrapower\\src\\team\\bridge-entry.ts": {"lines":{"total":90,"covered":73,"skipped":0,"pct":81.11},"functions":{"total":9,"covered":6,"skipped":0,"pct":66.66},"statements":{"total":92,"covered":75,"skipped":0,"pct":81.52},"branches":{"total":75,"covered":71,"skipped":0,"pct":94.66}}
,"C:\\Users\\ljyih\\Desktop\\ultrapower\\src\\team\\capabilities.ts": {"lines":{"total":16,"covered":16,"skipped":0,"pct":100},"functions":{"total":7,"covered":7,"skipped":0,"pct":100},"statements":{"total":18,"covered":18,"skipped":0,"pct":100},"branches":{"total":8,"covered":7,"skipped":0,"pct":87.5}}
,"C:\\Users\\ljyih\\Desktop\\ultrapower\\src\\team\\deadlock-detector.ts": {"lines":{"total":28,"covered":28,"skipped":0,"pct":100},"functions":{"total":3,"covered":3,"skipped":0,"pct":100},"statements":{"total":30,"covered":30,"skipped":0,"pct":100},"branches":{"total":12,"covered":11,"skipped":0,"pct":91.66}}
,"C:\\Users\\ljyih\\Desktop\\ultrapower\\src\\team\\dependency-graph.ts": {"lines":{"total":8,"covered":8,"skipped":0,"pct":100},"functions":{"total":4,"covered":4,"skipped":0,"pct":100},"statements":{"total":8,"covered":8,"skipped":0,"pct":100},"branches":{"total":4,"covered":3,"skipped":0,"pct":75}}
,"C:\\Users\\ljyih\\Desktop\\ultrapower\\src\\team\\fs-utils.ts": {"lines":{"total":23,"covered":23,"skipped":0,"pct":100},"functions":{"total":6,"covered":6,"skipped":0,"pct":100},"statements":{"total":25,"covered":25,"skipped":0,"pct":100},"branches":{"total":12,"covered":12,"skipped":0,"pct":100}}
,"C:\\Users\\ljyih\\Desktop\\ultrapower\\src\\team\\git-worktree.ts": {"lines":{"total":50,"covered":49,"skipped":0,"pct":98},"functions":{"total":11,"covered":11,"skipped":0,"pct":100},"statements":{"total":54,"covered":52,"skipped":0,"pct":96.29},"branches":{"total":6,"covered":5,"skipped":0,"pct":83.33}}
,"C:\\Users\\ljyih\\Desktop\\ultrapower\\src\\team\\heartbeat.ts": {"lines":{"total":39,"covered":37,"skipped":0,"pct":94.87},"functions":{"total":9,"covered":9,"skipped":0,"pct":100},"statements":{"total":47,"covered":45,"skipped":0,"pct":95.74},"branches":{"total":12,"covered":12,"skipped":0,"pct":100}}
,"C:\\Users\\ljyih\\Desktop\\ultrapower\\src\\team\\inbox-outbox.ts": {"lines":{"total":132,"covered":126,"skipped":0,"pct":95.45},"functions":{"total":22,"covered":22,"skipped":0,"pct":100},"statements":{"total":149,"covered":142,"skipped":0,"pct":95.3},"branches":{"total":50,"covered":42,"skipped":0,"pct":84}}
,"C:\\Users\\ljyih\\Desktop\\ultrapower\\src\\team\\index.ts": {"lines":{"total":0,"covered":0,"skipped":0,"pct":100},"functions":{"total":0,"covered":0,"skipped":0,"pct":100},"statements":{"total":0,"covered":0,"skipped":0,"pct":100},"branches":{"total":0,"covered":0,"skipped":0,"pct":100}}
,"C:\\Users\\ljyih\\Desktop\\ultrapower\\src\\team\\mcp-team-bridge.ts": {"lines":{"total":314,"covered":231,"skipped":0,"pct":73.56},"functions":{"total":35,"covered":24,"skipped":0,"pct":68.57},"statements":{"total":327,"covered":238,"skipped":0,"pct":72.78},"branches":{"total":148,"covered":90,"skipped":0,"pct":60.81}}
,"C:\\Users\\ljyih\\Desktop\\ultrapower\\src\\team\\merge-coordinator.ts": {"lines":{"total":38,"covered":36,"skipped":0,"pct":94.73},"functions":{"total":7,"covered":7,"skipped":0,"pct":100},"statements":{"total":43,"covered":40,"skipped":0,"pct":93.02},"branches":{"total":14,"covered":10,"skipped":0,"pct":71.42}}
,"C:\\Users\\ljyih\\Desktop\\ultrapower\\src\\team\\message-router.ts": {"lines":{"total":29,"covered":27,"skipped":0,"pct":93.1},"functions":{"total":3,"covered":3,"skipped":0,"pct":100},"statements":{"total":30,"covered":28,"skipped":0,"pct":93.33},"branches":{"total":6,"covered":4,"skipped":0,"pct":66.66}}
,"C:\\Users\\ljyih\\Desktop\\ultrapower\\src\\team\\outbox-reader.ts": {"lines":{"total":53,"covered":52,"skipped":0,"pct":98.11},"functions":{"total":6,"covered":6,"skipped":0,"pct":100},"statements":{"total":58,"covered":57,"skipped":0,"pct":98.27},"branches":{"total":12,"covered":12,"skipped":0,"pct":100}}
,"C:\\Users\\ljyih\\Desktop\\ultrapower\\src\\team\\permissions.ts": {"lines":{"total":73,"covered":73,"skipped":0,"pct":100},"functions":{"total":11,"covered":11,"skipped":0,"pct":100},"statements":{"total":90,"covered":89,"skipped":0,"pct":98.88},"branches":{"total":64,"covered":62,"skipped":0,"pct":96.87}}
,"C:\\Users\\ljyih\\Desktop\\ultrapower\\src\\team\\summary-report.ts": {"lines":{"total":60,"covered":60,"skipped":0,"pct":100},"functions":{"total":8,"covered":8,"skipped":0,"pct":100},"statements":{"total":65,"covered":65,"skipped":0,"pct":100},"branches":{"total":14,"covered":13,"skipped":0,"pct":92.85}}
,"C:\\Users\\ljyih\\Desktop\\ultrapower\\src\\team\\task-file-ops.ts": {"lines":{"total":136,"covered":129,"skipped":0,"pct":94.85},"functions":{"total":21,"covered":21,"skipped":0,"pct":100},"statements":{"total":158,"covered":147,"skipped":0,"pct":93.03},"branches":{"total":90,"covered":82,"skipped":0,"pct":91.11}}
,"C:\\Users\\ljyih\\Desktop\\ultrapower\\src\\team\\task-router.ts": {"lines":{"total":25,"covered":25,"skipped":0,"pct":100},"functions":{"total":5,"covered":5,"skipped":0,"pct":100},"statements":{"total":27,"covered":27,"skipped":0,"pct":100},"branches":{"total":18,"covered":16,"skipped":0,"pct":88.88}}
,"C:\\Users\\ljyih\\Desktop\\ultrapower\\src\\team\\team-registration.ts": {"lines":{"total":76,"covered":75,"skipped":0,"pct":98.68},"functions":{"total":16,"covered":15,"skipped":0,"pct":93.75},"statements":{"total":83,"covered":80,"skipped":0,"pct":96.38},"branches":{"total":34,"covered":28,"skipped":0,"pct":82.35}}
,"C:\\Users\\ljyih\\Desktop\\ultrapower\\src\\team\\team-status.ts": {"lines":{"total":39,"covered":38,"skipped":0,"pct":97.43},"functions":{"total":14,"covered":14,"skipped":0,"pct":100},"statements":{"total":46,"covered":45,"skipped":0,"pct":97.82},"branches":{"total":12,"covered":11,"skipped":0,"pct":91.66}}
,"C:\\Users\\ljyih\\Desktop\\ultrapower\\src\\team\\tmux-session.ts": {"lines":{"total":36,"covered":8,"skipped":0,"pct":22.22},"functions":{"total":10,"covered":2,"skipped":0,"pct":20},"statements":{"total":36,"covered":8,"skipped":0,"pct":22.22},"branches":{"total":6,"covered":4,"skipped":0,"pct":66.66}}
,"C:\\Users\\ljyih\\Desktop\\ultrapower\\src\\team\\unified-team.ts": {"lines":{"total":25,"covered":19,"skipped":0,"pct":76},"functions":{"total":1,"covered":1,"skipped":0,"pct":100},"statements":{"total":30,"covered":23,"skipped":0,"pct":76.66},"branches":{"total":30,"covered":16,"skipped":0,"pct":53.33}}
,"C:\\Users\\ljyih\\Desktop\\ultrapower\\src\\team\\usage-tracker.ts": {"lines":{"total":38,"covered":38,"skipped":0,"pct":100},"functions":{"total":8,"covered":8,"skipped":0,"pct":100},"statements":{"total":40,"covered":40,"skipped":0,"pct":100},"branches":{"total":8,"covered":8,"skipped":0,"pct":100}}
,"C:\\Users\\ljyih\\Desktop\\ultrapower\\src\\team\\worker-health.ts": {"lines":{"total":85,"covered":35,"skipped":0,"pct":41.17},"functions":{"total":4,"covered":2,"skipped":0,"pct":50},"statements":{"total":90,"covered":38,"skipped":0,"pct":42.22},"branches":{"total":74,"covered":30,"skipped":0,"pct":40.54}}
,"C:\\Users\\ljyih\\Desktop\\ultrapower\\src\\team\\worker-restart.ts": {"lines":{"total":57,"covered":40,"skipped":0,"pct":70.17},"functions":{"total":9,"covered":7,"skipped":0,"pct":77.77},"statements":{"total":59,"covered":41,"skipped":0,"pct":69.49},"branches":{"total":32,"covered":20,"skipped":0,"pct":62.5}}
,"C:\\Users\\ljyih\\Desktop\\ultrapower\\src\\tools\\ast-tools.ts": {"lines":{"total":181,"covered":124,"skipped":0,"pct":68.5},"functions":{"total":17,"covered":12,"skipped":0,"pct":70.58},"statements":{"total":188,"covered":125,"skipped":0,"pct":66.48},"branches":{"total":92,"covered":45,"skipped":0,"pct":48.91}}
,"C:\\Users\\ljyih\\Desktop\\ultrapower\\src\\tools\\dependency-analyzer.ts": {"lines":{"total":20,"covered":2,"skipped":0,"pct":10},"functions":{"total":3,"covered":0,"skipped":0,"pct":0},"statements":{"total":20,"covered":2,"skipped":0,"pct":10},"branches":{"total":5,"covered":0,"skipped":0,"pct":0}}
,"C:\\Users\\ljyih\\Desktop\\ultrapower\\src\\tools\\doc-sync.ts": {"lines":{"total":26,"covered":2,"skipped":0,"pct":7.69},"functions":{"total":6,"covered":0,"skipped":0,"pct":0},"statements":{"total":29,"covered":2,"skipped":0,"pct":6.89},"branches":{"total":10,"covered":0,"skipped":0,"pct":0}}
,"C:\\Users\\ljyih\\Desktop\\ultrapower\\src\\tools\\index.ts": {"lines":{"total":52,"covered":42,"skipped":0,"pct":80.76},"functions":{"total":7,"covered":6,"skipped":0,"pct":85.71},"statements":{"total":53,"covered":43,"skipped":0,"pct":81.13},"branches":{"total":31,"covered":22,"skipped":0,"pct":70.96}}
,"C:\\Users\\ljyih\\Desktop\\ultrapower\\src\\tools\\lsp-tools.ts": {"lines":{"total":123,"covered":110,"skipped":0,"pct":89.43},"functions":{"total":28,"covered":27,"skipped":0,"pct":96.42},"statements":{"total":129,"covered":113,"skipped":0,"pct":87.59},"branches":{"total":52,"covered":32,"skipped":0,"pct":61.53}}
,"C:\\Users\\ljyih\\Desktop\\ultrapower\\src\\tools\\memory-tools.ts": {"lines":{"total":54,"covered":49,"skipped":0,"pct":90.74},"functions":{"total":4,"covered":4,"skipped":0,"pct":100},"statements":{"total":57,"covered":52,"skipped":0,"pct":91.22},"branches":{"total":38,"covered":27,"skipped":0,"pct":71.05}}
,"C:\\Users\\ljyih\\Desktop\\ultrapower\\src\\tools\\notepad-tools.ts": {"lines":{"total":77,"covered":69,"skipped":0,"pct":89.61},"functions":{"total":6,"covered":6,"skipped":0,"pct":100},"statements":{"total":77,"covered":69,"skipped":0,"pct":89.61},"branches":{"total":35,"covered":20,"skipped":0,"pct":57.14}}
,"C:\\Users\\ljyih\\Desktop\\ultrapower\\src\\tools\\parallel-opportunity-detector.ts": {"lines":{"total":24,"covered":2,"skipped":0,"pct":8.33},"functions":{"total":10,"covered":0,"skipped":0,"pct":0},"statements":{"total":28,"covered":2,"skipped":0,"pct":7.14},"branches":{"total":10,"covered":0,"skipped":0,"pct":0}}
,"C:\\Users\\ljyih\\Desktop\\ultrapower\\src\\tools\\resume-session.ts": {"lines":{"total":36,"covered":0,"skipped":0,"pct":0},"functions":{"total":2,"covered":0,"skipped":0,"pct":0},"statements":{"total":36,"covered":0,"skipped":0,"pct":0},"branches":{"total":8,"covered":0,"skipped":0,"pct":0}}
,"C:\\Users\\ljyih\\Desktop\\ultrapower\\src\\tools\\skills-tools.ts": {"lines":{"total":54,"covered":36,"skipped":0,"pct":66.66},"functions":{"total":13,"covered":7,"skipped":0,"pct":53.84},"statements":{"total":58,"covered":36,"skipped":0,"pct":62.06},"branches":{"total":22,"covered":13,"skipped":0,"pct":59.09}}
,"C:\\Users\\ljyih\\Desktop\\ultrapower\\src\\tools\\state-tools.ts": {"lines":{"total":306,"covered":202,"skipped":0,"pct":66.01},"functions":{"total":15,"covered":11,"skipped":0,"pct":73.33},"statements":{"total":317,"covered":209,"skipped":0,"pct":65.93},"branches":{"total":212,"covered":94,"skipped":0,"pct":44.33}}
,"C:\\Users\\ljyih\\Desktop\\ultrapower\\src\\tools\\tool-prefix-migration.ts": {"lines":{"total":15,"covered":9,"skipped":0,"pct":60},"functions":{"total":5,"covered":3,"skipped":0,"pct":60},"statements":{"total":16,"covered":10,"skipped":0,"pct":62.5},"branches":{"total":6,"covered":2,"skipped":0,"pct":33.33}}
,"C:\\Users\\ljyih\\Desktop\\ultrapower\\src\\tools\\trace-tools.ts": {"lines":{"total":173,"covered":150,"skipped":0,"pct":86.7},"functions":{"total":12,"covered":11,"skipped":0,"pct":91.66},"statements":{"total":187,"covered":160,"skipped":0,"pct":85.56},"branches":{"total":136,"covered":104,"skipped":0,"pct":76.47}}
,"C:\\Users\\ljyih\\Desktop\\ultrapower\\src\\tools\\diagnostics\\constants.ts": {"lines":{"total":1,"covered":1,"skipped":0,"pct":100},"functions":{"total":0,"covered":0,"skipped":0,"pct":100},"statements":{"total":1,"covered":1,"skipped":0,"pct":100},"branches":{"total":0,"covered":0,"skipped":0,"pct":100}}
,"C:\\Users\\ljyih\\Desktop\\ultrapower\\src\\tools\\diagnostics\\index.ts": {"lines":{"total":44,"covered":33,"skipped":0,"pct":75},"functions":{"total":4,"covered":3,"skipped":0,"pct":75},"statements":{"total":45,"covered":33,"skipped":0,"pct":73.33},"branches":{"total":21,"covered":14,"skipped":0,"pct":66.66}}
,"C:\\Users\\ljyih\\Desktop\\ultrapower\\src\\tools\\diagnostics\\lsp-aggregator.ts": {"lines":{"total":35,"covered":34,"skipped":0,"pct":97.14},"functions":{"total":7,"covered":7,"skipped":0,"pct":100},"statements":{"total":38,"covered":37,"skipped":0,"pct":97.36},"branches":{"total":10,"covered":9,"skipped":0,"pct":90}}
,"C:\\Users\\ljyih\\Desktop\\ultrapower\\src\\tools\\diagnostics\\tsc-runner.ts": {"lines":{"total":16,"covered":16,"skipped":0,"pct":100},"functions":{"total":4,"covered":4,"skipped":0,"pct":100},"statements":{"total":18,"covered":18,"skipped":0,"pct":100},"branches":{"total":5,"covered":3,"skipped":0,"pct":60}}
,"C:\\Users\\ljyih\\Desktop\\ultrapower\\src\\tools\\lsp\\client.ts": {"lines":{"total":255,"covered":104,"skipped":0,"pct":40.78},"functions":{"total":50,"covered":17,"skipped":0,"pct":34},"statements":{"total":264,"covered":106,"skipped":0,"pct":40.15},"branches":{"total":106,"covered":32,"skipped":0,"pct":30.18}}
,"C:\\Users\\ljyih\\Desktop\\ultrapower\\src\\tools\\lsp\\index.ts": {"lines":{"total":0,"covered":0,"skipped":0,"pct":100},"functions":{"total":0,"covered":0,"skipped":0,"pct":100},"statements":{"total":0,"covered":0,"skipped":0,"pct":100},"branches":{"total":0,"covered":0,"skipped":0,"pct":100}}
,"C:\\Users\\ljyih\\Desktop\\ultrapower\\src\\tools\\lsp\\memory-optimizer.ts": {"lines":{"total":22,"covered":0,"skipped":0,"pct":0},"functions":{"total":7,"covered":0,"skipped":0,"pct":0},"statements":{"total":22,"covered":0,"skipped":0,"pct":0},"branches":{"total":13,"covered":0,"skipped":0,"pct":0}}
,"C:\\Users\\ljyih\\Desktop\\ultrapower\\src\\tools\\lsp\\servers.ts": {"lines":{"total":19,"covered":19,"skipped":0,"pct":100},"functions":{"total":5,"covered":5,"skipped":0,"pct":100},"statements":{"total":20,"covered":20,"skipped":0,"pct":100},"branches":{"total":12,"covered":12,"skipped":0,"pct":100}}
,"C:\\Users\\ljyih\\Desktop\\ultrapower\\src\\tools\\lsp\\utils.ts": {"lines":{"total":99,"covered":99,"skipped":0,"pct":100},"functions":{"total":19,"covered":19,"skipped":0,"pct":100},"statements":{"total":114,"covered":114,"skipped":0,"pct":100},"branches":{"total":94,"covered":85,"skipped":0,"pct":90.42}}
,"C:\\Users\\ljyih\\Desktop\\ultrapower\\src\\tools\\python-repl\\bridge-manager.ts": {"lines":{"total":256,"covered":176,"skipped":0,"pct":68.75},"functions":{"total":23,"covered":21,"skipped":0,"pct":91.3},"statements":{"total":263,"covered":180,"skipped":0,"pct":68.44},"branches":{"total":145,"covered":82,"skipped":0,"pct":56.55}}
,"C:\\Users\\ljyih\\Desktop\\ultrapower\\src\\tools\\python-repl\\index.ts": {"lines":{"total":1,"covered":1,"skipped":0,"pct":100},"functions":{"total":0,"covered":0,"skipped":0,"pct":100},"statements":{"total":1,"covered":1,"skipped":0,"pct":100},"branches":{"total":0,"covered":0,"skipped":0,"pct":100}}
,"C:\\Users\\ljyih\\Desktop\\ultrapower\\src\\tools\\python-repl\\paths.ts": {"lines":{"total":47,"covered":18,"skipped":0,"pct":38.29},"functions":{"total":8,"covered":7,"skipped":0,"pct":87.5},"statements":{"total":51,"covered":18,"skipped":0,"pct":35.29},"branches":{"total":45,"covered":8,"skipped":0,"pct":17.77}}
,"C:\\Users\\ljyih\\Desktop\\ultrapower\\src\\tools\\python-repl\\session-lock.ts": {"lines":{"total":147,"covered":121,"skipped":0,"pct":82.31},"functions":{"total":22,"covered":20,"skipped":0,"pct":90.9},"statements":{"total":151,"covered":123,"skipped":0,"pct":81.45},"branches":{"total":85,"covered":59,"skipped":0,"pct":69.41}}
,"C:\\Users\\ljyih\\Desktop\\ultrapower\\src\\tools\\python-repl\\socket-client.ts": {"lines":{"total":66,"covered":64,"skipped":0,"pct":96.96},"functions":{"total":11,"covered":11,"skipped":0,"pct":100},"statements":{"total":67,"covered":65,"skipped":0,"pct":97.01},"branches":{"total":23,"covered":20,"skipped":0,"pct":86.95}}
,"C:\\Users\\ljyih\\Desktop\\ultrapower\\src\\tools\\python-repl\\tool.ts": {"lines":{"total":217,"covered":177,"skipped":0,"pct":81.56},"functions":{"total":18,"covered":14,"skipped":0,"pct":77.77},"statements":{"total":219,"covered":178,"skipped":0,"pct":81.27},"branches":{"total":74,"covered":46,"skipped":0,"pct":62.16}}
,"C:\\Users\\ljyih\\Desktop\\ultrapower\\src\\utils\\config-dir.ts": {"lines":{"total":1,"covered":1,"skipped":0,"pct":100},"functions":{"total":1,"covered":1,"skipped":0,"pct":100},"statements":{"total":1,"covered":1,"skipped":0,"pct":100},"branches":{"total":2,"covered":2,"skipped":0,"pct":100}}
,"C:\\Users\\ljyih\\Desktop\\ultrapower\\src\\utils\\paths.ts": {"lines":{"total":25,"covered":13,"skipped":0,"pct":52},"functions":{"total":8,"covered":6,"skipped":0,"pct":75},"statements":{"total":25,"covered":13,"skipped":0,"pct":52},"branches":{"total":18,"covered":12,"skipped":0,"pct":66.66}}
,"C:\\Users\\ljyih\\Desktop\\ultrapower\\src\\utils\\string-width.ts": {"lines":{"total":50,"covered":49,"skipped":0,"pct":98},"functions":{"total":9,"covered":9,"skipped":0,"pct":100},"statements":{"total":59,"covered":57,"skipped":0,"pct":96.61},"branches":{"total":88,"covered":78,"skipped":0,"pct":88.63}}
,"C:\\Users\\ljyih\\Desktop\\ultrapower\\src\\verification\\tier-selector.ts": {"lines":{"total":16,"covered":16,"skipped":0,"pct":100},"functions":{"total":9,"covered":9,"skipped":0,"pct":100},"statements":{"total":18,"covered":18,"skipped":0,"pct":100},"branches":{"total":12,"covered":12,"skipped":0,"pct":100}}
,"C:\\Users\\ljyih\\Desktop\\ultrapower\\src\\workers\\adapter.ts": {"lines":{"total":0,"covered":0,"skipped":0,"pct":100},"functions":{"total":0,"covered":0,"skipped":0,"pct":100},"statements":{"total":0,"covered":0,"skipped":0,"pct":100},"branches":{"total":0,"covered":0,"skipped":0,"pct":100}}
,"C:\\Users\\ljyih\\Desktop\\ultrapower\\src\\workers\\cached-adapter.ts": {"lines":{"total":32,"covered":27,"skipped":0,"pct":84.37},"functions":{"total":10,"covered":8,"skipped":0,"pct":80},"statements":{"total":32,"covered":27,"skipped":0,"pct":84.37},"branches":{"total":11,"covered":8,"skipped":0,"pct":72.72}}
,"C:\\Users\\ljyih\\Desktop\\ultrapower\\src\\workers\\factory.ts": {"lines":{"total":27,"covered":16,"skipped":0,"pct":59.25},"functions":{"total":2,"covered":2,"skipped":0,"pct":100},"statements":{"total":29,"covered":17,"skipped":0,"pct":58.62},"branches":{"total":17,"covered":9,"skipped":0,"pct":52.94}}
,"C:\\Users\\ljyih\\Desktop\\ultrapower\\src\\workers\\index.ts": {"lines":{"total":0,"covered":0,"skipped":0,"pct":100},"functions":{"total":0,"covered":0,"skipped":0,"pct":100},"statements":{"total":0,"covered":0,"skipped":0,"pct":100},"branches":{"total":0,"covered":0,"skipped":0,"pct":100}}
,"C:\\Users\\ljyih\\Desktop\\ultrapower\\src\\workers\\json-adapter.ts": {"lines":{"total":88,"covered":72,"skipped":0,"pct":81.81},"functions":{"total":14,"covered":14,"skipped":0,"pct":100},"statements":{"total":102,"covered":79,"skipped":0,"pct":77.45},"branches":{"total":61,"covered":45,"skipped":0,"pct":73.77}}
,"C:\\Users\\ljyih\\Desktop\\ultrapower\\src\\workers\\sqlite-adapter.ts": {"lines":{"total":101,"covered":82,"skipped":0,"pct":81.18},"functions":{"total":15,"covered":15,"skipped":0,"pct":100},"statements":{"total":112,"covered":85,"skipped":0,"pct":75.89},"branches":{"total":107,"covered":92,"skipped":0,"pct":85.98}}
}
